{"D:\\Projects\\Final Project\\express-blog-api\\configures\\database.js": {"path":"D:\\Projects\\Final Project\\express-blog-api\\configures\\database.js","all":false,"statementMap":{"0":{"start":{"line":1,"column":0},"end":{"line":1,"column":27}},"1":{"start":{"line":2,"column":0},"end":{"line":2,"column":43}},"2":{"start":{"line":3,"column":0},"end":{"line":3,"column":0}},"3":{"start":{"line":4,"column":0},"end":{"line":4,"column":32}},"4":{"start":{"line":5,"column":0},"end":{"line":5,"column":22}},"5":{"start":{"line":6,"column":0},"end":{"line":6,"column":26}},"6":{"start":{"line":7,"column":0},"end":{"line":7,"column":26}},"7":{"start":{"line":8,"column":0},"end":{"line":8,"column":3}},"8":{"start":{"line":9,"column":0},"end":{"line":9,"column":30}},"9":{"start":{"line":10,"column":0},"end":{"line":10,"column":21}},"10":{"start":{"line":11,"column":0},"end":{"line":11,"column":3}},"11":{"start":{"line":12,"column":0},"end":{"line":12,"column":2}},"12":{"start":{"line":13,"column":0},"end":{"line":13,"column":0}},"13":{"start":{"line":14,"column":0},"end":{"line":14,"column":12}},"14":{"start":{"line":15,"column":0},"end":{"line":15,"column":28}},"15":{"start":{"line":16,"column":0},"end":{"line":16,"column":18}},"16":{"start":{"line":17,"column":0},"end":{"line":17,"column":36}},"17":{"start":{"line":18,"column":0},"end":{"line":18,"column":7}},"18":{"start":{"line":19,"column":0},"end":{"line":19,"column":19}},"19":{"start":{"line":20,"column":0},"end":{"line":20,"column":34}},"20":{"start":{"line":21,"column":0},"end":{"line":21,"column":8}},"21":{"start":{"line":22,"column":0},"end":{"line":22,"column":0}},"22":{"start":{"line":23,"column":0},"end":{"line":23,"column":27}}},"s":{"0":1,"1":1,"2":1,"3":1,"4":1,"5":1,"6":1,"7":1,"8":1,"9":1,"10":1,"11":1,"12":1,"13":1,"14":1,"15":1,"16":1,"17":1,"18":1,"19":1,"20":1,"21":1,"22":1},"branchMap":{},"b":{},"fnMap":{},"f":{}}
,"D:\\Projects\\Final Project\\express-blog-api\\controllers\\auth.controller.js": {"path":"D:\\Projects\\Final Project\\express-blog-api\\controllers\\auth.controller.js","all":false,"statementMap":{"0":{"start":{"line":1,"column":0},"end":{"line":1,"column":48}},"1":{"start":{"line":2,"column":0},"end":{"line":2,"column":56}},"2":{"start":{"line":3,"column":0},"end":{"line":3,"column":0}},"3":{"start":{"line":4,"column":0},"end":{"line":4,"column":49}},"4":{"start":{"line":5,"column":0},"end":{"line":5,"column":0}},"5":{"start":{"line":6,"column":0},"end":{"line":6,"column":58}},"6":{"start":{"line":7,"column":0},"end":{"line":7,"column":7}},"7":{"start":{"line":8,"column":0},"end":{"line":8,"column":51}},"8":{"start":{"line":9,"column":0},"end":{"line":9,"column":0}},"9":{"start":{"line":10,"column":0},"end":{"line":10,"column":80}},"10":{"start":{"line":11,"column":0},"end":{"line":11,"column":0}},"11":{"start":{"line":12,"column":0},"end":{"line":12,"column":69}},"12":{"start":{"line":13,"column":0},"end":{"line":13,"column":20}},"13":{"start":{"line":14,"column":0},"end":{"line":14,"column":17}},"14":{"start":{"line":15,"column":0},"end":{"line":15,"column":19}},"15":{"start":{"line":16,"column":0},"end":{"line":16,"column":6}},"16":{"start":{"line":17,"column":0},"end":{"line":17,"column":0}},"17":{"start":{"line":18,"column":0},"end":{"line":18,"column":65}},"18":{"start":{"line":19,"column":0},"end":{"line":19,"column":0}},"19":{"start":{"line":20,"column":0},"end":{"line":20,"column":55}},"20":{"start":{"line":21,"column":0},"end":{"line":21,"column":32}},"21":{"start":{"line":22,"column":0},"end":{"line":22,"column":7}},"22":{"start":{"line":23,"column":0},"end":{"line":23,"column":0}},"23":{"start":{"line":24,"column":0},"end":{"line":24,"column":55}},"24":{"start":{"line":25,"column":0},"end":{"line":25,"column":19}},"25":{"start":{"line":26,"column":0},"end":{"line":26,"column":16}},"26":{"start":{"line":27,"column":0},"end":{"line":27,"column":3}},"27":{"start":{"line":28,"column":0},"end":{"line":28,"column":2}},"28":{"start":{"line":29,"column":0},"end":{"line":29,"column":0}},"29":{"start":{"line":30,"column":0},"end":{"line":30,"column":54}},"30":{"start":{"line":31,"column":0},"end":{"line":31,"column":7}},"31":{"start":{"line":32,"column":0},"end":{"line":32,"column":44}},"32":{"start":{"line":33,"column":0},"end":{"line":33,"column":78}},"33":{"start":{"line":34,"column":0},"end":{"line":34,"column":0}},"34":{"start":{"line":35,"column":0},"end":{"line":35,"column":73}},"35":{"start":{"line":36,"column":0},"end":{"line":36,"column":23}},"36":{"start":{"line":37,"column":0},"end":{"line":37,"column":22}},"37":{"start":{"line":38,"column":0},"end":{"line":38,"column":6}},"38":{"start":{"line":39,"column":0},"end":{"line":39,"column":0}},"39":{"start":{"line":40,"column":0},"end":{"line":40,"column":71}},"40":{"start":{"line":41,"column":0},"end":{"line":41,"column":0}},"41":{"start":{"line":42,"column":0},"end":{"line":42,"column":48}},"42":{"start":{"line":43,"column":0},"end":{"line":43,"column":0}},"43":{"start":{"line":44,"column":0},"end":{"line":44,"column":78}},"44":{"start":{"line":45,"column":0},"end":{"line":45,"column":0}},"45":{"start":{"line":46,"column":0},"end":{"line":46,"column":20}},"46":{"start":{"line":47,"column":0},"end":{"line":47,"column":29}},"47":{"start":{"line":48,"column":0},"end":{"line":48,"column":19}},"48":{"start":{"line":49,"column":0},"end":{"line":49,"column":16}},"49":{"start":{"line":50,"column":0},"end":{"line":50,"column":3}},"50":{"start":{"line":51,"column":0},"end":{"line":51,"column":2}},"51":{"start":{"line":52,"column":0},"end":{"line":52,"column":0}},"52":{"start":{"line":53,"column":0},"end":{"line":53,"column":18}},"53":{"start":{"line":54,"column":0},"end":{"line":54,"column":25}},"54":{"start":{"line":55,"column":0},"end":{"line":55,"column":21}},"55":{"start":{"line":56,"column":0},"end":{"line":56,"column":2}}},"s":{"0":1,"1":1,"2":1,"3":1,"4":1,"5":1,"6":2,"7":2,"8":2,"9":2,"10":2,"11":2,"12":2,"13":2,"14":2,"15":2,"16":1,"17":1,"18":1,"19":1,"20":1,"21":1,"22":1,"23":1,"24":1,"25":1,"26":1,"27":2,"28":1,"29":1,"30":2,"31":2,"32":2,"33":2,"34":2,"35":2,"36":2,"37":2,"38":1,"39":1,"40":1,"41":1,"42":1,"43":1,"44":1,"45":1,"46":1,"47":1,"48":1,"49":1,"50":2,"51":1,"52":1,"53":1,"54":1,"55":1},"branchMap":{"0":{"type":"branch","line":6,"loc":{"start":{"line":6,"column":31},"end":{"line":28,"column":2}},"locations":[{"start":{"line":6,"column":31},"end":{"line":28,"column":2}}]},"1":{"type":"branch","line":16,"loc":{"start":{"line":16,"column":5},"end":{"line":27,"column":3}},"locations":[{"start":{"line":16,"column":5},"end":{"line":27,"column":3}}]},"2":{"type":"branch","line":30,"loc":{"start":{"line":30,"column":27},"end":{"line":51,"column":2}},"locations":[{"start":{"line":30,"column":27},"end":{"line":51,"column":2}}]},"3":{"type":"branch","line":38,"loc":{"start":{"line":38,"column":5},"end":{"line":50,"column":3}},"locations":[{"start":{"line":38,"column":5},"end":{"line":50,"column":3}}]}},"b":{"0":[2],"1":[1],"2":[2],"3":[1]},"fnMap":{"0":{"name":"handleUserRegistration","decl":{"start":{"line":6,"column":31},"end":{"line":28,"column":2}},"loc":{"start":{"line":6,"column":31},"end":{"line":28,"column":2}},"line":6},"1":{"name":"handleLoginRequest","decl":{"start":{"line":30,"column":27},"end":{"line":51,"column":2}},"loc":{"start":{"line":30,"column":27},"end":{"line":51,"column":2}},"line":30}},"f":{"0":2,"1":2}}
,"D:\\Projects\\Final Project\\express-blog-api\\controllers\\blog.controller.js": {"path":"D:\\Projects\\Final Project\\express-blog-api\\controllers\\blog.controller.js","all":false,"statementMap":{"0":{"start":{"line":1,"column":0},"end":{"line":1,"column":56}},"1":{"start":{"line":2,"column":0},"end":{"line":2,"column":56}},"2":{"start":{"line":3,"column":0},"end":{"line":3,"column":43}},"3":{"start":{"line":4,"column":0},"end":{"line":4,"column":74}},"4":{"start":{"line":5,"column":0},"end":{"line":5,"column":0}},"5":{"start":{"line":6,"column":0},"end":{"line":6,"column":59}},"6":{"start":{"line":7,"column":0},"end":{"line":7,"column":7}},"7":{"start":{"line":8,"column":0},"end":{"line":8,"column":40}},"8":{"start":{"line":9,"column":0},"end":{"line":9,"column":0}},"9":{"start":{"line":10,"column":0},"end":{"line":10,"column":69}},"10":{"start":{"line":11,"column":0},"end":{"line":11,"column":56}},"11":{"start":{"line":12,"column":0},"end":{"line":12,"column":36}},"12":{"start":{"line":13,"column":0},"end":{"line":13,"column":9}},"13":{"start":{"line":14,"column":0},"end":{"line":14,"column":61}},"14":{"start":{"line":15,"column":0},"end":{"line":15,"column":58}},"15":{"start":{"line":16,"column":0},"end":{"line":16,"column":0}},"16":{"start":{"line":17,"column":0},"end":{"line":17,"column":66}},"17":{"start":{"line":18,"column":0},"end":{"line":18,"column":74}},"18":{"start":{"line":19,"column":0},"end":{"line":19,"column":0}},"19":{"start":{"line":20,"column":0},"end":{"line":20,"column":36}},"20":{"start":{"line":21,"column":0},"end":{"line":21,"column":67}},"21":{"start":{"line":22,"column":0},"end":{"line":22,"column":0}},"22":{"start":{"line":23,"column":0},"end":{"line":23,"column":21}},"23":{"start":{"line":24,"column":0},"end":{"line":24,"column":52}},"24":{"start":{"line":25,"column":0},"end":{"line":25,"column":5}},"25":{"start":{"line":26,"column":0},"end":{"line":26,"column":0}},"26":{"start":{"line":27,"column":0},"end":{"line":27,"column":24}},"27":{"start":{"line":28,"column":0},"end":{"line":28,"column":70}},"28":{"start":{"line":29,"column":0},"end":{"line":29,"column":0}},"29":{"start":{"line":30,"column":0},"end":{"line":30,"column":42}},"30":{"start":{"line":31,"column":0},"end":{"line":31,"column":19}},"31":{"start":{"line":32,"column":0},"end":{"line":32,"column":16}},"32":{"start":{"line":33,"column":0},"end":{"line":33,"column":3}},"33":{"start":{"line":34,"column":0},"end":{"line":34,"column":2}},"34":{"start":{"line":35,"column":0},"end":{"line":35,"column":0}},"35":{"start":{"line":36,"column":0},"end":{"line":36,"column":64}},"36":{"start":{"line":37,"column":0},"end":{"line":37,"column":7}},"37":{"start":{"line":38,"column":0},"end":{"line":38,"column":61}},"38":{"start":{"line":39,"column":0},"end":{"line":39,"column":58}},"39":{"start":{"line":40,"column":0},"end":{"line":40,"column":0}},"40":{"start":{"line":41,"column":0},"end":{"line":41,"column":66}},"41":{"start":{"line":42,"column":0},"end":{"line":42,"column":0}},"42":{"start":{"line":43,"column":0},"end":{"line":43,"column":78}},"43":{"start":{"line":44,"column":0},"end":{"line":44,"column":0}},"44":{"start":{"line":45,"column":0},"end":{"line":45,"column":67}},"45":{"start":{"line":46,"column":0},"end":{"line":46,"column":0}},"46":{"start":{"line":47,"column":0},"end":{"line":47,"column":21}},"47":{"start":{"line":48,"column":0},"end":{"line":48,"column":52}},"48":{"start":{"line":49,"column":0},"end":{"line":49,"column":5}},"49":{"start":{"line":50,"column":0},"end":{"line":50,"column":0}},"50":{"start":{"line":51,"column":0},"end":{"line":51,"column":24}},"51":{"start":{"line":52,"column":0},"end":{"line":52,"column":80}},"52":{"start":{"line":53,"column":0},"end":{"line":53,"column":42}},"53":{"start":{"line":54,"column":0},"end":{"line":54,"column":19}},"54":{"start":{"line":55,"column":0},"end":{"line":55,"column":16}},"55":{"start":{"line":56,"column":0},"end":{"line":56,"column":3}},"56":{"start":{"line":57,"column":0},"end":{"line":57,"column":2}},"57":{"start":{"line":58,"column":0},"end":{"line":58,"column":0}},"58":{"start":{"line":59,"column":0},"end":{"line":59,"column":60}},"59":{"start":{"line":60,"column":0},"end":{"line":60,"column":7}},"60":{"start":{"line":61,"column":0},"end":{"line":61,"column":57}},"61":{"start":{"line":62,"column":0},"end":{"line":62,"column":57}},"62":{"start":{"line":63,"column":0},"end":{"line":63,"column":0}},"63":{"start":{"line":64,"column":0},"end":{"line":64,"column":17}},"64":{"start":{"line":65,"column":0},"end":{"line":65,"column":58}},"65":{"start":{"line":66,"column":0},"end":{"line":66,"column":26}},"66":{"start":{"line":67,"column":0},"end":{"line":67,"column":5}},"67":{"start":{"line":68,"column":0},"end":{"line":68,"column":0}},"68":{"start":{"line":69,"column":0},"end":{"line":69,"column":17}},"69":{"start":{"line":70,"column":0},"end":{"line":70,"column":78}},"70":{"start":{"line":71,"column":0},"end":{"line":71,"column":26}},"71":{"start":{"line":72,"column":0},"end":{"line":72,"column":5}},"72":{"start":{"line":73,"column":0},"end":{"line":73,"column":0}},"73":{"start":{"line":74,"column":0},"end":{"line":74,"column":72}},"74":{"start":{"line":75,"column":0},"end":{"line":75,"column":0}},"75":{"start":{"line":76,"column":0},"end":{"line":76,"column":67}},"76":{"start":{"line":77,"column":0},"end":{"line":77,"column":0}},"77":{"start":{"line":78,"column":0},"end":{"line":78,"column":21}},"78":{"start":{"line":79,"column":0},"end":{"line":79,"column":52}},"79":{"start":{"line":80,"column":0},"end":{"line":80,"column":5}},"80":{"start":{"line":81,"column":0},"end":{"line":81,"column":0}},"81":{"start":{"line":82,"column":0},"end":{"line":82,"column":24}},"82":{"start":{"line":83,"column":0},"end":{"line":83,"column":76}},"83":{"start":{"line":84,"column":0},"end":{"line":84,"column":20}},"84":{"start":{"line":85,"column":0},"end":{"line":85,"column":45}},"85":{"start":{"line":86,"column":0},"end":{"line":86,"column":25}},"86":{"start":{"line":87,"column":0},"end":{"line":87,"column":18}},"87":{"start":{"line":88,"column":0},"end":{"line":88,"column":5}},"88":{"start":{"line":89,"column":0},"end":{"line":89,"column":42}},"89":{"start":{"line":90,"column":0},"end":{"line":90,"column":19}},"90":{"start":{"line":91,"column":0},"end":{"line":91,"column":16}},"91":{"start":{"line":92,"column":0},"end":{"line":92,"column":3}},"92":{"start":{"line":93,"column":0},"end":{"line":93,"column":2}},"93":{"start":{"line":94,"column":0},"end":{"line":94,"column":0}},"94":{"start":{"line":95,"column":0},"end":{"line":95,"column":61}},"95":{"start":{"line":96,"column":0},"end":{"line":96,"column":7}},"96":{"start":{"line":97,"column":0},"end":{"line":97,"column":37}},"97":{"start":{"line":98,"column":0},"end":{"line":98,"column":0}},"98":{"start":{"line":99,"column":0},"end":{"line":99,"column":61}},"99":{"start":{"line":100,"column":0},"end":{"line":100,"column":58}},"100":{"start":{"line":101,"column":0},"end":{"line":101,"column":0}},"101":{"start":{"line":102,"column":0},"end":{"line":102,"column":66}},"102":{"start":{"line":103,"column":0},"end":{"line":103,"column":4}},"103":{"start":{"line":104,"column":0},"end":{"line":104,"column":78}},"104":{"start":{"line":105,"column":0},"end":{"line":105,"column":0}},"105":{"start":{"line":106,"column":0},"end":{"line":106,"column":51}},"106":{"start":{"line":107,"column":0},"end":{"line":107,"column":19}},"107":{"start":{"line":108,"column":0},"end":{"line":108,"column":16}},"108":{"start":{"line":109,"column":0},"end":{"line":109,"column":3}},"109":{"start":{"line":110,"column":0},"end":{"line":110,"column":2}},"110":{"start":{"line":111,"column":0},"end":{"line":111,"column":0}},"111":{"start":{"line":112,"column":0},"end":{"line":112,"column":57}},"112":{"start":{"line":113,"column":0},"end":{"line":113,"column":7}},"113":{"start":{"line":114,"column":0},"end":{"line":114,"column":37}},"114":{"start":{"line":115,"column":0},"end":{"line":115,"column":0}},"115":{"start":{"line":116,"column":0},"end":{"line":116,"column":70}},"116":{"start":{"line":117,"column":0},"end":{"line":117,"column":0}},"117":{"start":{"line":118,"column":0},"end":{"line":118,"column":40}},"118":{"start":{"line":119,"column":0},"end":{"line":119,"column":0}},"119":{"start":{"line":120,"column":0},"end":{"line":120,"column":67}},"120":{"start":{"line":121,"column":0},"end":{"line":121,"column":0}},"121":{"start":{"line":122,"column":0},"end":{"line":122,"column":21}},"122":{"start":{"line":123,"column":0},"end":{"line":123,"column":52}},"123":{"start":{"line":124,"column":0},"end":{"line":124,"column":5}},"124":{"start":{"line":125,"column":0},"end":{"line":125,"column":0}},"125":{"start":{"line":126,"column":0},"end":{"line":126,"column":24}},"126":{"start":{"line":127,"column":0},"end":{"line":127,"column":74}},"127":{"start":{"line":128,"column":0},"end":{"line":128,"column":0}},"128":{"start":{"line":129,"column":0},"end":{"line":129,"column":42}},"129":{"start":{"line":130,"column":0},"end":{"line":130,"column":19}},"130":{"start":{"line":131,"column":0},"end":{"line":131,"column":16}},"131":{"start":{"line":132,"column":0},"end":{"line":132,"column":3}},"132":{"start":{"line":133,"column":0},"end":{"line":133,"column":2}},"133":{"start":{"line":134,"column":0},"end":{"line":134,"column":0}},"134":{"start":{"line":135,"column":0},"end":{"line":135,"column":59}},"135":{"start":{"line":136,"column":0},"end":{"line":136,"column":7}},"136":{"start":{"line":137,"column":0},"end":{"line":137,"column":40}},"137":{"start":{"line":138,"column":0},"end":{"line":138,"column":69}},"138":{"start":{"line":139,"column":0},"end":{"line":139,"column":37}},"139":{"start":{"line":140,"column":0},"end":{"line":140,"column":61}},"140":{"start":{"line":141,"column":0},"end":{"line":141,"column":58}},"141":{"start":{"line":142,"column":0},"end":{"line":142,"column":0}},"142":{"start":{"line":143,"column":0},"end":{"line":143,"column":66}},"143":{"start":{"line":144,"column":0},"end":{"line":144,"column":0}},"144":{"start":{"line":145,"column":0},"end":{"line":145,"column":61}},"145":{"start":{"line":146,"column":0},"end":{"line":146,"column":11}},"146":{"start":{"line":147,"column":0},"end":{"line":147,"column":15}},"147":{"start":{"line":148,"column":0},"end":{"line":148,"column":13}},"148":{"start":{"line":149,"column":0},"end":{"line":149,"column":6}},"149":{"start":{"line":150,"column":0},"end":{"line":150,"column":0}},"150":{"start":{"line":151,"column":0},"end":{"line":151,"column":51}},"151":{"start":{"line":152,"column":0},"end":{"line":152,"column":19}},"152":{"start":{"line":153,"column":0},"end":{"line":153,"column":16}},"153":{"start":{"line":154,"column":0},"end":{"line":154,"column":3}},"154":{"start":{"line":155,"column":0},"end":{"line":155,"column":2}},"155":{"start":{"line":156,"column":0},"end":{"line":156,"column":0}},"156":{"start":{"line":157,"column":0},"end":{"line":157,"column":18}},"157":{"start":{"line":158,"column":0},"end":{"line":158,"column":26}},"158":{"start":{"line":159,"column":0},"end":{"line":159,"column":31}},"159":{"start":{"line":160,"column":0},"end":{"line":160,"column":27}},"160":{"start":{"line":161,"column":0},"end":{"line":161,"column":28}},"161":{"start":{"line":162,"column":0},"end":{"line":162,"column":24}},"162":{"start":{"line":163,"column":0},"end":{"line":163,"column":26}},"163":{"start":{"line":164,"column":0},"end":{"line":164,"column":2}}},"s":{"0":1,"1":1,"2":1,"3":1,"4":1,"5":1,"6":2,"7":2,"8":2,"9":2,"10":2,"11":2,"12":2,"13":2,"14":2,"15":2,"16":2,"17":0,"18":0,"19":0,"20":0,"21":0,"22":0,"23":0,"24":0,"25":0,"26":0,"27":0,"28":0,"29":0,"30":2,"31":2,"32":2,"33":2,"34":1,"35":1,"36":2,"37":2,"38":2,"39":2,"40":2,"41":0,"42":0,"43":0,"44":0,"45":0,"46":0,"47":0,"48":0,"49":0,"50":0,"51":0,"52":0,"53":2,"54":2,"55":2,"56":2,"57":1,"58":1,"59":2,"60":2,"61":2,"62":2,"63":2,"64":2,"65":0,"66":0,"67":2,"68":2,"69":2,"70":0,"71":0,"72":2,"73":2,"74":1,"75":1,"76":1,"77":2,"78":0,"79":0,"80":1,"81":1,"82":1,"83":2,"84":0,"85":0,"86":0,"87":0,"88":1,"89":1,"90":1,"91":1,"92":2,"93":1,"94":1,"95":2,"96":2,"97":2,"98":2,"99":2,"100":2,"101":2,"102":0,"103":0,"104":0,"105":0,"106":2,"107":2,"108":2,"109":2,"110":1,"111":1,"112":3,"113":3,"114":3,"115":3,"116":3,"117":3,"118":3,"119":3,"120":3,"121":3,"122":1,"123":1,"124":2,"125":2,"126":2,"127":2,"128":2,"129":3,"130":0,"131":0,"132":3,"133":1,"134":1,"135":2,"136":2,"137":2,"138":2,"139":2,"140":2,"141":2,"142":2,"143":0,"144":0,"145":0,"146":0,"147":0,"148":0,"149":0,"150":0,"151":2,"152":2,"153":2,"154":2,"155":1,"156":1,"157":1,"158":1,"159":1,"160":1,"161":1,"162":1,"163":1},"branchMap":{"0":{"type":"branch","line":6,"loc":{"start":{"line":6,"column":32},"end":{"line":34,"column":2}},"locations":[{"start":{"line":6,"column":32},"end":{"line":34,"column":2}}]},"1":{"type":"branch","line":17,"loc":{"start":{"line":17,"column":65},"end":{"line":31,"column":4}},"locations":[{"start":{"line":17,"column":65},"end":{"line":31,"column":4}}]},"2":{"type":"branch","line":36,"loc":{"start":{"line":36,"column":37},"end":{"line":57,"column":2}},"locations":[{"start":{"line":36,"column":37},"end":{"line":57,"column":2}}]},"3":{"type":"branch","line":41,"loc":{"start":{"line":41,"column":65},"end":{"line":54,"column":4}},"locations":[{"start":{"line":41,"column":65},"end":{"line":54,"column":4}}]},"4":{"type":"branch","line":59,"loc":{"start":{"line":59,"column":33},"end":{"line":93,"column":2}},"locations":[{"start":{"line":59,"column":33},"end":{"line":93,"column":2}}]},"5":{"type":"branch","line":65,"loc":{"start":{"line":65,"column":57},"end":{"line":67,"column":5}},"locations":[{"start":{"line":65,"column":57},"end":{"line":67,"column":5}}]},"6":{"type":"branch","line":70,"loc":{"start":{"line":70,"column":77},"end":{"line":72,"column":5}},"locations":[{"start":{"line":70,"column":77},"end":{"line":72,"column":5}}]},"7":{"type":"branch","line":74,"loc":{"start":{"line":74,"column":71},"end":{"line":78,"column":20}},"locations":[{"start":{"line":74,"column":71},"end":{"line":78,"column":20}}]},"8":{"type":"branch","line":78,"loc":{"start":{"line":78,"column":20},"end":{"line":80,"column":5}},"locations":[{"start":{"line":78,"column":20},"end":{"line":80,"column":5}}]},"9":{"type":"branch","line":80,"loc":{"start":{"line":80,"column":4},"end":{"line":84,"column":19}},"locations":[{"start":{"line":80,"column":4},"end":{"line":84,"column":19}}]},"10":{"type":"branch","line":84,"loc":{"start":{"line":84,"column":19},"end":{"line":88,"column":5}},"locations":[{"start":{"line":84,"column":19},"end":{"line":88,"column":5}}]},"11":{"type":"branch","line":88,"loc":{"start":{"line":88,"column":4},"end":{"line":92,"column":3}},"locations":[{"start":{"line":88,"column":4},"end":{"line":92,"column":3}}]},"12":{"type":"branch","line":95,"loc":{"start":{"line":95,"column":34},"end":{"line":110,"column":2}},"locations":[{"start":{"line":95,"column":34},"end":{"line":110,"column":2}}]},"13":{"type":"branch","line":102,"loc":{"start":{"line":102,"column":65},"end":{"line":107,"column":4}},"locations":[{"start":{"line":102,"column":65},"end":{"line":107,"column":4}}]},"14":{"type":"branch","line":112,"loc":{"start":{"line":112,"column":30},"end":{"line":133,"column":2}},"locations":[{"start":{"line":112,"column":30},"end":{"line":133,"column":2}}]},"15":{"type":"branch","line":122,"loc":{"start":{"line":122,"column":20},"end":{"line":124,"column":5}},"locations":[{"start":{"line":122,"column":20},"end":{"line":124,"column":5}}]},"16":{"type":"branch","line":124,"loc":{"start":{"line":124,"column":4},"end":{"line":130,"column":4}},"locations":[{"start":{"line":124,"column":4},"end":{"line":130,"column":4}}]},"17":{"type":"branch","line":130,"loc":{"start":{"line":130,"column":4},"end":{"line":132,"column":3}},"locations":[{"start":{"line":130,"column":4},"end":{"line":132,"column":3}}]},"18":{"type":"branch","line":135,"loc":{"start":{"line":135,"column":32},"end":{"line":155,"column":2}},"locations":[{"start":{"line":135,"column":32},"end":{"line":155,"column":2}}]},"19":{"type":"branch","line":143,"loc":{"start":{"line":143,"column":65},"end":{"line":152,"column":4}},"locations":[{"start":{"line":143,"column":65},"end":{"line":152,"column":4}}]}},"b":{"0":[2],"1":[0],"2":[2],"3":[0],"4":[2],"5":[0],"6":[0],"7":[1],"8":[0],"9":[1],"10":[0],"11":[1],"12":[2],"13":[0],"14":[3],"15":[1],"16":[2],"17":[0],"18":[2],"19":[0]},"fnMap":{"0":{"name":"handleCreateBlogRequest","decl":{"start":{"line":6,"column":32},"end":{"line":34,"column":2}},"loc":{"start":{"line":6,"column":32},"end":{"line":34,"column":2}},"line":6},"1":{"name":"handleGetUserSelfBlogRequest","decl":{"start":{"line":36,"column":37},"end":{"line":57,"column":2}},"loc":{"start":{"line":36,"column":37},"end":{"line":57,"column":2}},"line":36},"2":{"name":"handleGetAllBlogsRequest","decl":{"start":{"line":59,"column":33},"end":{"line":93,"column":2}},"loc":{"start":{"line":59,"column":33},"end":{"line":93,"column":2}},"line":59},"3":{"name":"handleBlogDeletionRequest","decl":{"start":{"line":95,"column":34},"end":{"line":110,"column":2}},"loc":{"start":{"line":95,"column":34},"end":{"line":110,"column":2}},"line":95},"4":{"name":"handleBlogByIdRequest","decl":{"start":{"line":112,"column":30},"end":{"line":133,"column":2}},"loc":{"start":{"line":112,"column":30},"end":{"line":133,"column":2}},"line":112},"5":{"name":"handleUpdateBlogRequest","decl":{"start":{"line":135,"column":32},"end":{"line":155,"column":2}},"loc":{"start":{"line":135,"column":32},"end":{"line":155,"column":2}},"line":135}},"f":{"0":2,"1":2,"2":2,"3":2,"4":3,"5":2}}
,"D:\\Projects\\Final Project\\express-blog-api\\controllers\\user.controller.js": {"path":"D:\\Projects\\Final Project\\express-blog-api\\controllers\\user.controller.js","all":false,"statementMap":{"0":{"start":{"line":1,"column":0},"end":{"line":1,"column":56}},"1":{"start":{"line":2,"column":0},"end":{"line":2,"column":0}},"2":{"start":{"line":3,"column":0},"end":{"line":3,"column":49}},"3":{"start":{"line":4,"column":0},"end":{"line":4,"column":0}},"4":{"start":{"line":5,"column":0},"end":{"line":5,"column":59}},"5":{"start":{"line":6,"column":0},"end":{"line":6,"column":7}},"6":{"start":{"line":7,"column":0},"end":{"line":7,"column":61}},"7":{"start":{"line":8,"column":0},"end":{"line":8,"column":58}},"8":{"start":{"line":9,"column":0},"end":{"line":9,"column":70}},"9":{"start":{"line":10,"column":0},"end":{"line":10,"column":60}},"10":{"start":{"line":11,"column":0},"end":{"line":11,"column":36}},"11":{"start":{"line":12,"column":0},"end":{"line":12,"column":9}},"12":{"start":{"line":13,"column":0},"end":{"line":13,"column":35}},"13":{"start":{"line":14,"column":0},"end":{"line":14,"column":66}},"14":{"start":{"line":15,"column":0},"end":{"line":15,"column":19}},"15":{"start":{"line":16,"column":0},"end":{"line":16,"column":16}},"16":{"start":{"line":17,"column":0},"end":{"line":17,"column":3}},"17":{"start":{"line":18,"column":0},"end":{"line":18,"column":2}},"18":{"start":{"line":19,"column":0},"end":{"line":19,"column":0}},"19":{"start":{"line":20,"column":0},"end":{"line":20,"column":64}},"20":{"start":{"line":21,"column":0},"end":{"line":21,"column":7}},"21":{"start":{"line":22,"column":0},"end":{"line":22,"column":61}},"22":{"start":{"line":23,"column":0},"end":{"line":23,"column":58}},"23":{"start":{"line":24,"column":0},"end":{"line":24,"column":0}},"24":{"start":{"line":25,"column":0},"end":{"line":25,"column":66}},"25":{"start":{"line":26,"column":0},"end":{"line":26,"column":0}},"26":{"start":{"line":27,"column":0},"end":{"line":27,"column":72}},"27":{"start":{"line":28,"column":0},"end":{"line":28,"column":0}},"28":{"start":{"line":29,"column":0},"end":{"line":29,"column":51}},"29":{"start":{"line":30,"column":0},"end":{"line":30,"column":19}},"30":{"start":{"line":31,"column":0},"end":{"line":31,"column":16}},"31":{"start":{"line":32,"column":0},"end":{"line":32,"column":3}},"32":{"start":{"line":33,"column":0},"end":{"line":33,"column":2}},"33":{"start":{"line":34,"column":0},"end":{"line":34,"column":0}},"34":{"start":{"line":35,"column":0},"end":{"line":35,"column":63}},"35":{"start":{"line":36,"column":0},"end":{"line":36,"column":7}},"36":{"start":{"line":37,"column":0},"end":{"line":37,"column":52}},"37":{"start":{"line":38,"column":0},"end":{"line":38,"column":0}},"38":{"start":{"line":39,"column":0},"end":{"line":39,"column":61}},"39":{"start":{"line":40,"column":0},"end":{"line":40,"column":58}},"40":{"start":{"line":41,"column":0},"end":{"line":41,"column":0}},"41":{"start":{"line":42,"column":0},"end":{"line":42,"column":66}},"42":{"start":{"line":43,"column":0},"end":{"line":43,"column":73}},"43":{"start":{"line":44,"column":0},"end":{"line":44,"column":0}},"44":{"start":{"line":45,"column":0},"end":{"line":45,"column":65}},"45":{"start":{"line":46,"column":0},"end":{"line":46,"column":11}},"46":{"start":{"line":47,"column":0},"end":{"line":47,"column":14}},"47":{"start":{"line":48,"column":0},"end":{"line":48,"column":18}},"48":{"start":{"line":49,"column":0},"end":{"line":49,"column":6}},"49":{"start":{"line":50,"column":0},"end":{"line":50,"column":0}},"50":{"start":{"line":51,"column":0},"end":{"line":51,"column":37}},"51":{"start":{"line":52,"column":0},"end":{"line":52,"column":17}},"52":{"start":{"line":53,"column":0},"end":{"line":53,"column":7}},"53":{"start":{"line":54,"column":0},"end":{"line":54,"column":0}},"54":{"start":{"line":55,"column":0},"end":{"line":55,"column":60}},"55":{"start":{"line":56,"column":0},"end":{"line":56,"column":19}},"56":{"start":{"line":57,"column":0},"end":{"line":57,"column":16}},"57":{"start":{"line":58,"column":0},"end":{"line":58,"column":3}},"58":{"start":{"line":59,"column":0},"end":{"line":59,"column":2}},"59":{"start":{"line":60,"column":0},"end":{"line":60,"column":0}},"60":{"start":{"line":61,"column":0},"end":{"line":61,"column":18}},"61":{"start":{"line":62,"column":0},"end":{"line":62,"column":31}},"62":{"start":{"line":63,"column":0},"end":{"line":63,"column":26}},"63":{"start":{"line":64,"column":0},"end":{"line":64,"column":30}},"64":{"start":{"line":65,"column":0},"end":{"line":65,"column":2}}},"s":{"0":1,"1":1,"2":1,"3":1,"4":1,"5":1,"6":1,"7":1,"8":1,"9":0,"10":0,"11":0,"12":0,"13":0,"14":1,"15":1,"16":1,"17":1,"18":1,"19":1,"20":2,"21":2,"22":2,"23":2,"24":2,"25":0,"26":0,"27":0,"28":0,"29":2,"30":2,"31":2,"32":2,"33":1,"34":1,"35":2,"36":2,"37":2,"38":2,"39":2,"40":2,"41":2,"42":0,"43":0,"44":0,"45":0,"46":0,"47":0,"48":0,"49":0,"50":0,"51":0,"52":0,"53":0,"54":0,"55":2,"56":2,"57":2,"58":2,"59":1,"60":1,"61":1,"62":1,"63":1,"64":1},"branchMap":{"0":{"type":"branch","line":5,"loc":{"start":{"line":5,"column":32},"end":{"line":18,"column":2}},"locations":[{"start":{"line":5,"column":32},"end":{"line":18,"column":2}}]},"1":{"type":"branch","line":9,"loc":{"start":{"line":9,"column":69},"end":{"line":15,"column":4}},"locations":[{"start":{"line":9,"column":69},"end":{"line":15,"column":4}}]},"2":{"type":"branch","line":20,"loc":{"start":{"line":20,"column":37},"end":{"line":33,"column":2}},"locations":[{"start":{"line":20,"column":37},"end":{"line":33,"column":2}}]},"3":{"type":"branch","line":25,"loc":{"start":{"line":25,"column":65},"end":{"line":30,"column":4}},"locations":[{"start":{"line":25,"column":65},"end":{"line":30,"column":4}}]},"4":{"type":"branch","line":35,"loc":{"start":{"line":35,"column":36},"end":{"line":59,"column":2}},"locations":[{"start":{"line":35,"column":36},"end":{"line":59,"column":2}}]},"5":{"type":"branch","line":42,"loc":{"start":{"line":42,"column":65},"end":{"line":56,"column":4}},"locations":[{"start":{"line":42,"column":65},"end":{"line":56,"column":4}}]}},"b":{"0":[1],"1":[0],"2":[2],"3":[0],"4":[2],"5":[0]},"fnMap":{"0":{"name":"handleProfileGetRequest","decl":{"start":{"line":5,"column":32},"end":{"line":18,"column":2}},"loc":{"start":{"line":5,"column":32},"end":{"line":18,"column":2}},"line":5},"1":{"name":"handleProfileDeletionRequest","decl":{"start":{"line":20,"column":37},"end":{"line":33,"column":2}},"loc":{"start":{"line":20,"column":37},"end":{"line":33,"column":2}},"line":20},"2":{"name":"handlePasswordUpdateRequest","decl":{"start":{"line":35,"column":36},"end":{"line":59,"column":2}},"loc":{"start":{"line":35,"column":36},"end":{"line":59,"column":2}},"line":35}},"f":{"0":1,"1":2,"2":2}}
,"D:\\Projects\\Final Project\\express-blog-api\\dto\\blog.dto.js": {"path":"D:\\Projects\\Final Project\\express-blog-api\\dto\\blog.dto.js","all":false,"statementMap":{"0":{"start":{"line":1,"column":0},"end":{"line":1,"column":28}},"1":{"start":{"line":2,"column":0},"end":{"line":2,"column":8}},"2":{"start":{"line":3,"column":0},"end":{"line":3,"column":10}},"3":{"start":{"line":4,"column":0},"end":{"line":4,"column":31}},"4":{"start":{"line":5,"column":0},"end":{"line":5,"column":23}},"5":{"start":{"line":6,"column":0},"end":{"line":6,"column":27}},"6":{"start":{"line":7,"column":0},"end":{"line":7,"column":3}},"7":{"start":{"line":8,"column":0},"end":{"line":8,"column":1}},"8":{"start":{"line":9,"column":0},"end":{"line":9,"column":0}},"9":{"start":{"line":10,"column":0},"end":{"line":10,"column":28}},"10":{"start":{"line":11,"column":0},"end":{"line":11,"column":8}},"11":{"start":{"line":12,"column":0},"end":{"line":12,"column":10}},"12":{"start":{"line":13,"column":0},"end":{"line":13,"column":31}},"13":{"start":{"line":14,"column":0},"end":{"line":14,"column":23}},"14":{"start":{"line":15,"column":0},"end":{"line":15,"column":27}},"15":{"start":{"line":16,"column":0},"end":{"line":16,"column":3}},"16":{"start":{"line":17,"column":0},"end":{"line":17,"column":1}},"17":{"start":{"line":18,"column":0},"end":{"line":18,"column":0}},"18":{"start":{"line":19,"column":0},"end":{"line":19,"column":63}}},"s":{"0":0,"1":0,"2":0,"3":0,"4":0,"5":0,"6":0,"7":0,"8":1,"9":0,"10":0,"11":0,"12":0,"13":0,"14":0,"15":0,"16":0,"17":1,"18":1},"branchMap":{"0":{"type":"branch","line":1,"loc":{"start":{"line":1,"column":0},"end":{"line":8,"column":1}},"locations":[{"start":{"line":1,"column":0},"end":{"line":8,"column":1}}]},"1":{"type":"branch","line":10,"loc":{"start":{"line":10,"column":0},"end":{"line":17,"column":1}},"locations":[{"start":{"line":10,"column":0},"end":{"line":17,"column":1}}]}},"b":{"0":[0],"1":[0]},"fnMap":{"0":{"name":"<instance_members_initializer>","decl":{"start":{"line":1,"column":0},"end":{"line":8,"column":1}},"loc":{"start":{"line":1,"column":0},"end":{"line":8,"column":1}},"line":1},"1":{"name":"<instance_members_initializer>","decl":{"start":{"line":10,"column":0},"end":{"line":17,"column":1}},"loc":{"start":{"line":10,"column":0},"end":{"line":17,"column":1}},"line":10}},"f":{"0":0,"1":0}}
,"D:\\Projects\\Final Project\\express-blog-api\\dto\\user.dto.js": {"path":"D:\\Projects\\Final Project\\express-blog-api\\dto\\user.dto.js","all":false,"statementMap":{"0":{"start":{"line":1,"column":0},"end":{"line":1,"column":25}},"1":{"start":{"line":2,"column":0},"end":{"line":2,"column":42}},"2":{"start":{"line":3,"column":0},"end":{"line":3,"column":29}},"3":{"start":{"line":4,"column":0},"end":{"line":4,"column":23}},"4":{"start":{"line":5,"column":0},"end":{"line":5,"column":29}},"5":{"start":{"line":6,"column":0},"end":{"line":6,"column":3}},"6":{"start":{"line":7,"column":0},"end":{"line":7,"column":1}},"7":{"start":{"line":8,"column":0},"end":{"line":8,"column":0}},"8":{"start":{"line":9,"column":0},"end":{"line":9,"column":27}},"9":{"start":{"line":10,"column":0},"end":{"line":10,"column":11}},"10":{"start":{"line":11,"column":0},"end":{"line":11,"column":11}},"11":{"start":{"line":12,"column":0},"end":{"line":12,"column":0}},"12":{"start":{"line":13,"column":0},"end":{"line":13,"column":35}},"13":{"start":{"line":14,"column":0},"end":{"line":14,"column":29}},"14":{"start":{"line":15,"column":0},"end":{"line":15,"column":29}},"15":{"start":{"line":16,"column":0},"end":{"line":16,"column":3}},"16":{"start":{"line":17,"column":0},"end":{"line":17,"column":1}},"17":{"start":{"line":18,"column":0},"end":{"line":18,"column":0}},"18":{"start":{"line":19,"column":0},"end":{"line":19,"column":28}},"19":{"start":{"line":20,"column":0},"end":{"line":20,"column":29}},"20":{"start":{"line":21,"column":0},"end":{"line":21,"column":33}},"21":{"start":{"line":22,"column":0},"end":{"line":22,"column":3}},"22":{"start":{"line":23,"column":0},"end":{"line":23,"column":1}},"23":{"start":{"line":24,"column":0},"end":{"line":24,"column":0}},"24":{"start":{"line":25,"column":0},"end":{"line":25,"column":18}},"25":{"start":{"line":26,"column":0},"end":{"line":26,"column":20}},"26":{"start":{"line":27,"column":0},"end":{"line":27,"column":22}},"27":{"start":{"line":28,"column":0},"end":{"line":28,"column":23}},"28":{"start":{"line":29,"column":0},"end":{"line":29,"column":2}}},"s":{"0":1,"1":1,"2":0,"3":0,"4":0,"5":0,"6":1,"7":1,"8":0,"9":0,"10":0,"11":0,"12":0,"13":0,"14":0,"15":0,"16":0,"17":1,"18":1,"19":1,"20":0,"21":0,"22":1,"23":1,"24":1,"25":1,"26":1,"27":1,"28":1},"branchMap":{},"b":{},"fnMap":{"0":{"name":"UserRegRequestDto","decl":{"start":{"line":2,"column":2},"end":{"line":6,"column":3}},"loc":{"start":{"line":2,"column":2},"end":{"line":6,"column":3}},"line":2},"1":{"name":"<instance_members_initializer>","decl":{"start":{"line":9,"column":0},"end":{"line":17,"column":1}},"loc":{"start":{"line":9,"column":0},"end":{"line":17,"column":1}},"line":9},"2":{"name":"UserUpdateRequestDto","decl":{"start":{"line":20,"column":2},"end":{"line":22,"column":3}},"loc":{"start":{"line":20,"column":2},"end":{"line":22,"column":3}},"line":20}},"f":{"0":0,"1":0,"2":0}}
,"D:\\Projects\\Final Project\\express-blog-api\\models\\blog.model.js": {"path":"D:\\Projects\\Final Project\\express-blog-api\\models\\blog.model.js","all":false,"statementMap":{"0":{"start":{"line":1,"column":0},"end":{"line":1,"column":43}},"1":{"start":{"line":2,"column":0},"end":{"line":2,"column":52}},"2":{"start":{"line":3,"column":0},"end":{"line":3,"column":0}},"3":{"start":{"line":4,"column":0},"end":{"line":4,"column":39}},"4":{"start":{"line":5,"column":0},"end":{"line":5,"column":6}},"5":{"start":{"line":6,"column":0},"end":{"line":6,"column":25}},"6":{"start":{"line":7,"column":0},"end":{"line":7,"column":35}},"7":{"start":{"line":8,"column":0},"end":{"line":8,"column":20}},"8":{"start":{"line":9,"column":0},"end":{"line":9,"column":21}},"9":{"start":{"line":10,"column":0},"end":{"line":10,"column":4}},"10":{"start":{"line":11,"column":0},"end":{"line":11,"column":10}},"11":{"start":{"line":12,"column":0},"end":{"line":12,"column":27}},"12":{"start":{"line":13,"column":0},"end":{"line":13,"column":21}},"13":{"start":{"line":14,"column":0},"end":{"line":14,"column":4}},"14":{"start":{"line":15,"column":0},"end":{"line":15,"column":12}},"15":{"start":{"line":16,"column":0},"end":{"line":16,"column":25}},"16":{"start":{"line":17,"column":0},"end":{"line":17,"column":4}},"17":{"start":{"line":18,"column":0},"end":{"line":18,"column":13}},"18":{"start":{"line":19,"column":0},"end":{"line":19,"column":25}},"19":{"start":{"line":20,"column":0},"end":{"line":20,"column":21}},"20":{"start":{"line":21,"column":0},"end":{"line":21,"column":4}},"21":{"start":{"line":22,"column":0},"end":{"line":22,"column":2}},"22":{"start":{"line":23,"column":0},"end":{"line":23,"column":3}},"23":{"start":{"line":24,"column":0},"end":{"line":24,"column":0}},"24":{"start":{"line":25,"column":0},"end":{"line":25,"column":22}}},"s":{"0":1,"1":1,"2":1,"3":1,"4":1,"5":1,"6":1,"7":1,"8":1,"9":1,"10":1,"11":1,"12":1,"13":1,"14":1,"15":1,"16":1,"17":1,"18":1,"19":1,"20":1,"21":1,"22":1,"23":1,"24":1},"branchMap":{},"b":{},"fnMap":{},"f":{}}
,"D:\\Projects\\Final Project\\express-blog-api\\models\\user.model.js": {"path":"D:\\Projects\\Final Project\\express-blog-api\\models\\user.model.js","all":false,"statementMap":{"0":{"start":{"line":1,"column":0},"end":{"line":1,"column":43}},"1":{"start":{"line":2,"column":0},"end":{"line":2,"column":52}},"2":{"start":{"line":3,"column":0},"end":{"line":3,"column":45}},"3":{"start":{"line":4,"column":0},"end":{"line":4,"column":0}},"4":{"start":{"line":5,"column":0},"end":{"line":5,"column":39}},"5":{"start":{"line":6,"column":0},"end":{"line":6,"column":7}},"6":{"start":{"line":7,"column":0},"end":{"line":7,"column":25}},"7":{"start":{"line":8,"column":0},"end":{"line":8,"column":35}},"8":{"start":{"line":9,"column":0},"end":{"line":9,"column":20}},"9":{"start":{"line":10,"column":0},"end":{"line":10,"column":21}},"10":{"start":{"line":11,"column":0},"end":{"line":11,"column":4}},"11":{"start":{"line":12,"column":0},"end":{"line":12,"column":13}},"12":{"start":{"line":13,"column":0},"end":{"line":13,"column":27}},"13":{"start":{"line":14,"column":0},"end":{"line":14,"column":21}},"14":{"start":{"line":15,"column":0},"end":{"line":15,"column":4}},"15":{"start":{"line":16,"column":0},"end":{"line":16,"column":10}},"16":{"start":{"line":17,"column":0},"end":{"line":17,"column":27}},"17":{"start":{"line":18,"column":0},"end":{"line":18,"column":4}},"18":{"start":{"line":19,"column":0},"end":{"line":19,"column":13}},"19":{"start":{"line":20,"column":0},"end":{"line":20,"column":27}},"20":{"start":{"line":21,"column":0},"end":{"line":21,"column":4}},"21":{"start":{"line":22,"column":0},"end":{"line":22,"column":3}},"22":{"start":{"line":23,"column":0},"end":{"line":23,"column":0}},"23":{"start":{"line":24,"column":0},"end":{"line":24,"column":47}},"24":{"start":{"line":25,"column":0},"end":{"line":25,"column":49}},"25":{"start":{"line":26,"column":0},"end":{"line":26,"column":0}},"26":{"start":{"line":27,"column":0},"end":{"line":27,"column":22}}},"s":{"0":1,"1":1,"2":1,"3":1,"4":1,"5":1,"6":1,"7":1,"8":1,"9":1,"10":1,"11":1,"12":1,"13":1,"14":1,"15":1,"16":1,"17":1,"18":1,"19":1,"20":1,"21":1,"22":1,"23":1,"24":1,"25":1,"26":1},"branchMap":{},"b":{},"fnMap":{},"f":{}}
,"D:\\Projects\\Final Project\\express-blog-api\\repositories\\auth.repository.js": {"path":"D:\\Projects\\Final Project\\express-blog-api\\repositories\\auth.repository.js","all":false,"statementMap":{"0":{"start":{"line":1,"column":0},"end":{"line":1,"column":45}},"1":{"start":{"line":2,"column":0},"end":{"line":2,"column":0}},"2":{"start":{"line":3,"column":0},"end":{"line":3,"column":41}},"3":{"start":{"line":4,"column":0},"end":{"line":4,"column":51}},"4":{"start":{"line":5,"column":0},"end":{"line":5,"column":2}},"5":{"start":{"line":6,"column":0},"end":{"line":6,"column":0}},"6":{"start":{"line":7,"column":0},"end":{"line":7,"column":41}},"7":{"start":{"line":8,"column":0},"end":{"line":8,"column":47}},"8":{"start":{"line":9,"column":0},"end":{"line":9,"column":2}},"9":{"start":{"line":10,"column":0},"end":{"line":10,"column":36}},"10":{"start":{"line":11,"column":0},"end":{"line":11,"column":40}},"11":{"start":{"line":12,"column":0},"end":{"line":12,"column":5}},"12":{"start":{"line":13,"column":0},"end":{"line":13,"column":0}},"13":{"start":{"line":14,"column":0},"end":{"line":14,"column":61}},"14":{"start":{"line":15,"column":0},"end":{"line":15,"column":72}},"15":{"start":{"line":16,"column":0},"end":{"line":16,"column":2}},"16":{"start":{"line":17,"column":0},"end":{"line":17,"column":0}},"17":{"start":{"line":18,"column":0},"end":{"line":18,"column":18}},"18":{"start":{"line":19,"column":0},"end":{"line":19,"column":23}},"19":{"start":{"line":20,"column":0},"end":{"line":20,"column":20}},"20":{"start":{"line":21,"column":0},"end":{"line":21,"column":15}},"21":{"start":{"line":22,"column":0},"end":{"line":22,"column":13}},"22":{"start":{"line":23,"column":0},"end":{"line":23,"column":2}}},"s":{"0":1,"1":1,"2":1,"3":2,"4":2,"5":1,"6":1,"7":2,"8":2,"9":1,"10":1,"11":1,"12":1,"13":1,"14":2,"15":2,"16":1,"17":1,"18":1,"19":1,"20":1,"21":1,"22":1},"branchMap":{"0":{"type":"branch","line":3,"loc":{"start":{"line":3,"column":30},"end":{"line":5,"column":2}},"locations":[{"start":{"line":3,"column":30},"end":{"line":5,"column":2}}]},"1":{"type":"branch","line":7,"loc":{"start":{"line":7,"column":27},"end":{"line":9,"column":2}},"locations":[{"start":{"line":7,"column":27},"end":{"line":9,"column":2}}]},"2":{"type":"branch","line":14,"loc":{"start":{"line":14,"column":19},"end":{"line":16,"column":2}},"locations":[{"start":{"line":14,"column":19},"end":{"line":16,"column":2}}]}},"b":{"0":[2],"1":[2],"2":[2]},"fnMap":{"0":{"name":"findEmailByUserEmail","decl":{"start":{"line":3,"column":30},"end":{"line":5,"column":2}},"loc":{"start":{"line":3,"column":30},"end":{"line":5,"column":2}},"line":3},"1":{"name":"getUserByUsername","decl":{"start":{"line":7,"column":27},"end":{"line":9,"column":2}},"loc":{"start":{"line":7,"column":27},"end":{"line":9,"column":2}},"line":7},"2":{"name":"createUser","decl":{"start":{"line":14,"column":19},"end":{"line":16,"column":2}},"loc":{"start":{"line":14,"column":19},"end":{"line":16,"column":2}},"line":14}},"f":{"0":2,"1":2,"2":2}}
,"D:\\Projects\\Final Project\\express-blog-api\\repositories\\blog.repository.js": {"path":"D:\\Projects\\Final Project\\express-blog-api\\repositories\\blog.repository.js","all":false,"statementMap":{"0":{"start":{"line":1,"column":0},"end":{"line":1,"column":45}},"1":{"start":{"line":2,"column":0},"end":{"line":2,"column":0}},"2":{"start":{"line":3,"column":0},"end":{"line":3,"column":50}},"3":{"start":{"line":4,"column":0},"end":{"line":4,"column":61}},"4":{"start":{"line":5,"column":0},"end":{"line":5,"column":2}},"5":{"start":{"line":6,"column":0},"end":{"line":6,"column":0}},"6":{"start":{"line":7,"column":0},"end":{"line":7,"column":37}},"7":{"start":{"line":8,"column":0},"end":{"line":8,"column":29}},"8":{"start":{"line":9,"column":0},"end":{"line":9,"column":28}},"9":{"start":{"line":10,"column":0},"end":{"line":10,"column":43}},"10":{"start":{"line":11,"column":0},"end":{"line":11,"column":5}},"11":{"start":{"line":12,"column":0},"end":{"line":12,"column":2}},"12":{"start":{"line":13,"column":0},"end":{"line":13,"column":0}},"13":{"start":{"line":14,"column":0},"end":{"line":14,"column":32}},"14":{"start":{"line":15,"column":0},"end":{"line":15,"column":39}},"15":{"start":{"line":16,"column":0},"end":{"line":16,"column":19}},"16":{"start":{"line":17,"column":0},"end":{"line":17,"column":2}},"17":{"start":{"line":18,"column":0},"end":{"line":18,"column":44}},"18":{"start":{"line":19,"column":0},"end":{"line":19,"column":29}},"19":{"start":{"line":20,"column":0},"end":{"line":20,"column":16}},"20":{"start":{"line":21,"column":0},"end":{"line":21,"column":24}},"21":{"start":{"line":22,"column":0},"end":{"line":22,"column":5}},"22":{"start":{"line":23,"column":0},"end":{"line":23,"column":2}},"23":{"start":{"line":24,"column":0},"end":{"line":24,"column":0}},"24":{"start":{"line":25,"column":0},"end":{"line":25,"column":36}},"25":{"start":{"line":26,"column":0},"end":{"line":26,"column":33}},"26":{"start":{"line":27,"column":0},"end":{"line":27,"column":2}},"27":{"start":{"line":28,"column":0},"end":{"line":28,"column":0}},"28":{"start":{"line":29,"column":0},"end":{"line":29,"column":48}},"29":{"start":{"line":30,"column":0},"end":{"line":30,"column":71}},"30":{"start":{"line":31,"column":0},"end":{"line":31,"column":2}},"31":{"start":{"line":32,"column":0},"end":{"line":32,"column":0}},"32":{"start":{"line":33,"column":0},"end":{"line":33,"column":44}},"33":{"start":{"line":34,"column":0},"end":{"line":34,"column":29}},"34":{"start":{"line":35,"column":0},"end":{"line":35,"column":28}},"35":{"start":{"line":36,"column":0},"end":{"line":36,"column":43}},"36":{"start":{"line":37,"column":0},"end":{"line":37,"column":5}},"37":{"start":{"line":38,"column":0},"end":{"line":38,"column":2}},"38":{"start":{"line":39,"column":0},"end":{"line":39,"column":0}},"39":{"start":{"line":40,"column":0},"end":{"line":40,"column":52}},"40":{"start":{"line":41,"column":0},"end":{"line":41,"column":29}},"41":{"start":{"line":42,"column":0},"end":{"line":42,"column":42}},"42":{"start":{"line":43,"column":0},"end":{"line":43,"column":43}},"43":{"start":{"line":44,"column":0},"end":{"line":44,"column":5}},"44":{"start":{"line":45,"column":0},"end":{"line":45,"column":2}},"45":{"start":{"line":46,"column":0},"end":{"line":46,"column":0}},"46":{"start":{"line":47,"column":0},"end":{"line":47,"column":60}},"47":{"start":{"line":48,"column":0},"end":{"line":48,"column":76}},"48":{"start":{"line":49,"column":0},"end":{"line":49,"column":2}},"49":{"start":{"line":50,"column":0},"end":{"line":50,"column":0}},"50":{"start":{"line":51,"column":0},"end":{"line":51,"column":18}},"51":{"start":{"line":52,"column":0},"end":{"line":52,"column":13}},"52":{"start":{"line":53,"column":0},"end":{"line":53,"column":16}},"53":{"start":{"line":54,"column":0},"end":{"line":54,"column":15}},"54":{"start":{"line":55,"column":0},"end":{"line":55,"column":15}},"55":{"start":{"line":56,"column":0},"end":{"line":56,"column":17}},"56":{"start":{"line":57,"column":0},"end":{"line":57,"column":17}},"57":{"start":{"line":58,"column":0},"end":{"line":58,"column":17}},"58":{"start":{"line":59,"column":0},"end":{"line":59,"column":21}},"59":{"start":{"line":60,"column":0},"end":{"line":60,"column":13}},"60":{"start":{"line":61,"column":0},"end":{"line":61,"column":2}}},"s":{"0":1,"1":1,"2":1,"3":2,"4":2,"5":1,"6":1,"7":2,"8":2,"9":2,"10":2,"11":2,"12":1,"13":1,"14":1,"15":1,"16":1,"17":1,"18":2,"19":2,"20":2,"21":2,"22":2,"23":1,"24":1,"25":2,"26":2,"27":1,"28":1,"29":2,"30":2,"31":1,"32":1,"33":2,"34":2,"35":2,"36":2,"37":2,"38":1,"39":1,"40":2,"41":2,"42":2,"43":2,"44":2,"45":1,"46":1,"47":2,"48":2,"49":1,"50":1,"51":1,"52":1,"53":1,"54":1,"55":1,"56":1,"57":1,"58":1,"59":1,"60":1},"branchMap":{"0":{"type":"branch","line":3,"loc":{"start":{"line":3,"column":19},"end":{"line":5,"column":2}},"locations":[{"start":{"line":3,"column":19},"end":{"line":5,"column":2}}]},"1":{"type":"branch","line":7,"loc":{"start":{"line":7,"column":22},"end":{"line":12,"column":2}},"locations":[{"start":{"line":7,"column":22},"end":{"line":12,"column":2}}]},"2":{"type":"branch","line":14,"loc":{"start":{"line":14,"column":19},"end":{"line":17,"column":2}},"locations":[{"start":{"line":14,"column":19},"end":{"line":17,"column":2}}]},"3":{"type":"branch","line":18,"loc":{"start":{"line":18,"column":21},"end":{"line":23,"column":2}},"locations":[{"start":{"line":18,"column":21},"end":{"line":23,"column":2}}]},"4":{"type":"branch","line":25,"loc":{"start":{"line":25,"column":21},"end":{"line":27,"column":2}},"locations":[{"start":{"line":25,"column":21},"end":{"line":27,"column":2}}]},"5":{"type":"branch","line":29,"loc":{"start":{"line":29,"column":23},"end":{"line":31,"column":2}},"locations":[{"start":{"line":29,"column":23},"end":{"line":31,"column":2}}]},"6":{"type":"branch","line":33,"loc":{"start":{"line":33,"column":23},"end":{"line":38,"column":2}},"locations":[{"start":{"line":33,"column":23},"end":{"line":38,"column":2}}]},"7":{"type":"branch","line":40,"loc":{"start":{"line":40,"column":27},"end":{"line":45,"column":2}},"locations":[{"start":{"line":40,"column":27},"end":{"line":45,"column":2}}]},"8":{"type":"branch","line":47,"loc":{"start":{"line":47,"column":23},"end":{"line":49,"column":2}},"locations":[{"start":{"line":47,"column":23},"end":{"line":49,"column":2}}]}},"b":{"0":[2],"1":[2],"2":[1],"3":[2],"4":[2],"5":[2],"6":[2],"7":[2],"8":[2]},"fnMap":{"0":{"name":"createBlog","decl":{"start":{"line":3,"column":19},"end":{"line":5,"column":2}},"loc":{"start":{"line":3,"column":19},"end":{"line":5,"column":2}},"line":3},"1":{"name":"findBlogsById","decl":{"start":{"line":7,"column":22},"end":{"line":12,"column":2}},"loc":{"start":{"line":7,"column":22},"end":{"line":12,"column":2}},"line":7},"2":{"name":"countBlogs","decl":{"start":{"line":14,"column":19},"end":{"line":17,"column":2}},"loc":{"start":{"line":14,"column":19},"end":{"line":17,"column":2}},"line":14},"3":{"name":"findAllBlogs","decl":{"start":{"line":18,"column":21},"end":{"line":23,"column":2}},"loc":{"start":{"line":18,"column":21},"end":{"line":23,"column":2}},"line":18},"4":{"name":"findBlogById","decl":{"start":{"line":25,"column":21},"end":{"line":27,"column":2}},"loc":{"start":{"line":25,"column":21},"end":{"line":27,"column":2}},"line":25},"5":{"name":"deleteBlogById","decl":{"start":{"line":29,"column":23},"end":{"line":31,"column":2}},"loc":{"start":{"line":29,"column":23},"end":{"line":31,"column":2}},"line":29},"6":{"name":"findBlogByUUId","decl":{"start":{"line":33,"column":23},"end":{"line":38,"column":2}},"loc":{"start":{"line":33,"column":23},"end":{"line":38,"column":2}},"line":33},"7":{"name":"findBlogByAuthUser","decl":{"start":{"line":40,"column":27},"end":{"line":45,"column":2}},"loc":{"start":{"line":40,"column":27},"end":{"line":45,"column":2}},"line":40},"8":{"name":"updateBlogById","decl":{"start":{"line":47,"column":23},"end":{"line":49,"column":2}},"loc":{"start":{"line":47,"column":23},"end":{"line":49,"column":2}},"line":47}},"f":{"0":2,"1":2,"2":1,"3":2,"4":2,"5":2,"6":2,"7":2,"8":2}}
,"D:\\Projects\\Final Project\\express-blog-api\\repositories\\user.repository.js": {"path":"D:\\Projects\\Final Project\\express-blog-api\\repositories\\user.repository.js","all":false,"statementMap":{"0":{"start":{"line":1,"column":0},"end":{"line":1,"column":45}},"1":{"start":{"line":2,"column":0},"end":{"line":2,"column":0}},"2":{"start":{"line":3,"column":0},"end":{"line":3,"column":35}},"3":{"start":{"line":4,"column":0},"end":{"line":4,"column":34}},"4":{"start":{"line":5,"column":0},"end":{"line":5,"column":56}},"5":{"start":{"line":6,"column":0},"end":{"line":6,"column":5}},"6":{"start":{"line":7,"column":0},"end":{"line":7,"column":2}},"7":{"start":{"line":8,"column":0},"end":{"line":8,"column":0}},"8":{"start":{"line":9,"column":0},"end":{"line":9,"column":38}},"9":{"start":{"line":10,"column":0},"end":{"line":10,"column":29}},"10":{"start":{"line":11,"column":0},"end":{"line":11,"column":18}},"11":{"start":{"line":12,"column":0},"end":{"line":12,"column":5}},"12":{"start":{"line":13,"column":0},"end":{"line":13,"column":2}},"13":{"start":{"line":14,"column":0},"end":{"line":14,"column":0}},"14":{"start":{"line":15,"column":0},"end":{"line":15,"column":65}},"15":{"start":{"line":16,"column":0},"end":{"line":16,"column":27}},"16":{"start":{"line":17,"column":0},"end":{"line":17,"column":34}},"17":{"start":{"line":18,"column":0},"end":{"line":18,"column":29}},"18":{"start":{"line":19,"column":0},"end":{"line":19,"column":4}},"19":{"start":{"line":20,"column":0},"end":{"line":20,"column":2}},"20":{"start":{"line":21,"column":0},"end":{"line":21,"column":0}},"21":{"start":{"line":22,"column":0},"end":{"line":22,"column":41}},"22":{"start":{"line":23,"column":0},"end":{"line":23,"column":47}},"23":{"start":{"line":24,"column":0},"end":{"line":24,"column":2}},"24":{"start":{"line":25,"column":0},"end":{"line":25,"column":0}},"25":{"start":{"line":26,"column":0},"end":{"line":26,"column":18}},"26":{"start":{"line":27,"column":0},"end":{"line":27,"column":20}},"27":{"start":{"line":28,"column":0},"end":{"line":28,"column":14}},"28":{"start":{"line":29,"column":0},"end":{"line":29,"column":17}},"29":{"start":{"line":30,"column":0},"end":{"line":30,"column":23}},"30":{"start":{"line":31,"column":0},"end":{"line":31,"column":2}}},"s":{"0":1,"1":1,"2":1,"3":2,"4":2,"5":2,"6":2,"7":1,"8":1,"9":2,"10":2,"11":2,"12":2,"13":1,"14":1,"15":2,"16":2,"17":2,"18":2,"19":2,"20":1,"21":1,"22":2,"23":2,"24":1,"25":1,"26":1,"27":1,"28":1,"29":1,"30":1},"branchMap":{"0":{"type":"branch","line":3,"loc":{"start":{"line":3,"column":20},"end":{"line":7,"column":2}},"locations":[{"start":{"line":3,"column":20},"end":{"line":7,"column":2}}]},"1":{"type":"branch","line":9,"loc":{"start":{"line":9,"column":23},"end":{"line":13,"column":2}},"locations":[{"start":{"line":9,"column":23},"end":{"line":13,"column":2}}]},"2":{"type":"branch","line":15,"loc":{"start":{"line":15,"column":29},"end":{"line":20,"column":2}},"locations":[{"start":{"line":15,"column":29},"end":{"line":20,"column":2}}]},"3":{"type":"branch","line":22,"loc":{"start":{"line":22,"column":27},"end":{"line":24,"column":2}},"locations":[{"start":{"line":22,"column":27},"end":{"line":24,"column":2}}]}},"b":{"0":[2],"1":[2],"2":[2],"3":[2]},"fnMap":{"0":{"name":"getUserById","decl":{"start":{"line":3,"column":20},"end":{"line":7,"column":2}},"loc":{"start":{"line":3,"column":20},"end":{"line":7,"column":2}},"line":3},"1":{"name":"deleteUserById","decl":{"start":{"line":9,"column":23},"end":{"line":13,"column":2}},"loc":{"start":{"line":9,"column":23},"end":{"line":13,"column":2}},"line":9},"2":{"name":"updatePasswordByUser","decl":{"start":{"line":15,"column":29},"end":{"line":20,"column":2}},"loc":{"start":{"line":15,"column":29},"end":{"line":20,"column":2}},"line":15},"3":{"name":"getUserByUsername","decl":{"start":{"line":22,"column":27},"end":{"line":24,"column":2}},"loc":{"start":{"line":22,"column":27},"end":{"line":24,"column":2}},"line":22}},"f":{"0":2,"1":2,"2":2,"3":2}}
,"D:\\Projects\\Final Project\\express-blog-api\\services\\auth.service.js": {"path":"D:\\Projects\\Final Project\\express-blog-api\\services\\auth.service.js","all":false,"statementMap":{"0":{"start":{"line":1,"column":0},"end":{"line":1,"column":68}},"1":{"start":{"line":2,"column":0},"end":{"line":2,"column":33}},"2":{"start":{"line":3,"column":0},"end":{"line":3,"column":0}},"3":{"start":{"line":4,"column":0},"end":{"line":4,"column":70}},"4":{"start":{"line":5,"column":0},"end":{"line":5,"column":72}},"5":{"start":{"line":6,"column":0},"end":{"line":6,"column":0}},"6":{"start":{"line":7,"column":0},"end":{"line":7,"column":19}},"7":{"start":{"line":8,"column":0},"end":{"line":8,"column":59}},"8":{"start":{"line":9,"column":0},"end":{"line":9,"column":23}},"9":{"start":{"line":10,"column":0},"end":{"line":10,"column":16}},"10":{"start":{"line":11,"column":0},"end":{"line":11,"column":3}},"11":{"start":{"line":12,"column":0},"end":{"line":12,"column":0}},"12":{"start":{"line":13,"column":0},"end":{"line":13,"column":38}},"13":{"start":{"line":14,"column":0},"end":{"line":14,"column":57}},"14":{"start":{"line":15,"column":0},"end":{"line":15,"column":0}},"15":{"start":{"line":16,"column":0},"end":{"line":16,"column":58}},"16":{"start":{"line":17,"column":0},"end":{"line":17,"column":13}},"17":{"start":{"line":18,"column":0},"end":{"line":18,"column":10}},"18":{"start":{"line":19,"column":0},"end":{"line":19,"column":29}},"19":{"start":{"line":20,"column":0},"end":{"line":20,"column":4}},"20":{"start":{"line":21,"column":0},"end":{"line":21,"column":0}},"21":{"start":{"line":22,"column":0},"end":{"line":22,"column":23}},"22":{"start":{"line":23,"column":0},"end":{"line":23,"column":2}},"23":{"start":{"line":24,"column":0},"end":{"line":24,"column":0}},"24":{"start":{"line":25,"column":0},"end":{"line":25,"column":56}},"25":{"start":{"line":26,"column":0},"end":{"line":26,"column":71}},"26":{"start":{"line":27,"column":0},"end":{"line":27,"column":0}},"27":{"start":{"line":28,"column":0},"end":{"line":28,"column":19}},"28":{"start":{"line":29,"column":0},"end":{"line":29,"column":50}},"29":{"start":{"line":30,"column":0},"end":{"line":30,"column":23}},"30":{"start":{"line":31,"column":0},"end":{"line":31,"column":16}},"31":{"start":{"line":32,"column":0},"end":{"line":32,"column":3}},"32":{"start":{"line":33,"column":0},"end":{"line":33,"column":69}},"33":{"start":{"line":34,"column":0},"end":{"line":34,"column":0}},"34":{"start":{"line":35,"column":0},"end":{"line":35,"column":17}},"35":{"start":{"line":36,"column":0},"end":{"line":36,"column":46}},"36":{"start":{"line":37,"column":0},"end":{"line":37,"column":23}},"37":{"start":{"line":38,"column":0},"end":{"line":38,"column":16}},"38":{"start":{"line":39,"column":0},"end":{"line":39,"column":3}},"39":{"start":{"line":40,"column":0},"end":{"line":40,"column":0}},"40":{"start":{"line":41,"column":0},"end":{"line":41,"column":17}},"41":{"start":{"line":42,"column":0},"end":{"line":42,"column":2}},"42":{"start":{"line":43,"column":0},"end":{"line":43,"column":0}},"43":{"start":{"line":44,"column":0},"end":{"line":44,"column":47}},"44":{"start":{"line":45,"column":0},"end":{"line":45,"column":66}},"45":{"start":{"line":46,"column":0},"end":{"line":46,"column":14}},"46":{"start":{"line":47,"column":0},"end":{"line":47,"column":63}},"47":{"start":{"line":48,"column":0},"end":{"line":48,"column":3}},"48":{"start":{"line":49,"column":0},"end":{"line":49,"column":14}},"49":{"start":{"line":50,"column":0},"end":{"line":50,"column":2}},"50":{"start":{"line":51,"column":0},"end":{"line":51,"column":0}},"51":{"start":{"line":52,"column":0},"end":{"line":52,"column":18}},"52":{"start":{"line":53,"column":0},"end":{"line":53,"column":26}},"53":{"start":{"line":54,"column":0},"end":{"line":54,"column":19}},"54":{"start":{"line":55,"column":0},"end":{"line":55,"column":20}},"55":{"start":{"line":56,"column":0},"end":{"line":56,"column":2}}},"s":{"0":1,"1":1,"2":1,"3":1,"4":2,"5":1,"6":2,"7":0,"8":0,"9":0,"10":0,"11":1,"12":1,"13":1,"14":1,"15":1,"16":1,"17":1,"18":1,"19":1,"20":1,"21":1,"22":1,"23":1,"24":1,"25":3,"26":2,"27":3,"28":0,"29":0,"30":0,"31":0,"32":2,"33":1,"34":3,"35":0,"36":0,"37":0,"38":0,"39":1,"40":1,"41":1,"42":1,"43":1,"44":2,"45":2,"46":0,"47":0,"48":1,"49":1,"50":1,"51":1,"52":1,"53":1,"54":1,"55":1},"branchMap":{"0":{"type":"branch","line":4,"loc":{"start":{"line":4,"column":32},"end":{"line":23,"column":2}},"locations":[{"start":{"line":4,"column":32},"end":{"line":23,"column":2}}]},"1":{"type":"branch","line":5,"loc":{"start":{"line":5,"column":71},"end":{"line":7,"column":18}},"locations":[{"start":{"line":5,"column":71},"end":{"line":7,"column":18}}]},"2":{"type":"branch","line":7,"loc":{"start":{"line":7,"column":18},"end":{"line":11,"column":3}},"locations":[{"start":{"line":7,"column":18},"end":{"line":11,"column":3}}]},"3":{"type":"branch","line":11,"loc":{"start":{"line":11,"column":2},"end":{"line":23,"column":2}},"locations":[{"start":{"line":11,"column":2},"end":{"line":23,"column":2}}]},"4":{"type":"branch","line":25,"loc":{"start":{"line":25,"column":25},"end":{"line":42,"column":2}},"locations":[{"start":{"line":25,"column":25},"end":{"line":42,"column":2}}]},"5":{"type":"branch","line":26,"loc":{"start":{"line":26,"column":70},"end":{"line":28,"column":18}},"locations":[{"start":{"line":26,"column":70},"end":{"line":28,"column":18}}]},"6":{"type":"branch","line":28,"loc":{"start":{"line":28,"column":18},"end":{"line":32,"column":3}},"locations":[{"start":{"line":28,"column":18},"end":{"line":32,"column":3}}]},"7":{"type":"branch","line":32,"loc":{"start":{"line":32,"column":2},"end":{"line":33,"column":69}},"locations":[{"start":{"line":32,"column":2},"end":{"line":33,"column":69}}]},"8":{"type":"branch","line":33,"loc":{"start":{"line":33,"column":68},"end":{"line":35,"column":16}},"locations":[{"start":{"line":33,"column":68},"end":{"line":35,"column":16}}]},"9":{"type":"branch","line":35,"loc":{"start":{"line":35,"column":16},"end":{"line":39,"column":3}},"locations":[{"start":{"line":35,"column":16},"end":{"line":39,"column":3}}]},"10":{"type":"branch","line":39,"loc":{"start":{"line":39,"column":2},"end":{"line":42,"column":2}},"locations":[{"start":{"line":39,"column":2},"end":{"line":42,"column":2}}]},"11":{"type":"branch","line":44,"loc":{"start":{"line":44,"column":26},"end":{"line":50,"column":2}},"locations":[{"start":{"line":44,"column":26},"end":{"line":50,"column":2}}]},"12":{"type":"branch","line":45,"loc":{"start":{"line":45,"column":65},"end":{"line":46,"column":13}},"locations":[{"start":{"line":45,"column":65},"end":{"line":46,"column":13}}]},"13":{"type":"branch","line":46,"loc":{"start":{"line":46,"column":13},"end":{"line":48,"column":3}},"locations":[{"start":{"line":46,"column":13},"end":{"line":48,"column":3}}]},"14":{"type":"branch","line":48,"loc":{"start":{"line":48,"column":2},"end":{"line":50,"column":2}},"locations":[{"start":{"line":48,"column":2},"end":{"line":50,"column":2}}]}},"b":{"0":[2],"1":[1],"2":[0],"3":[1],"4":[3],"5":[2],"6":[0],"7":[2],"8":[1],"9":[0],"10":[1],"11":[2],"12":[1],"13":[0],"14":[1]},"fnMap":{"0":{"name":"processUserRegistration","decl":{"start":{"line":4,"column":32},"end":{"line":23,"column":2}},"loc":{"start":{"line":4,"column":32},"end":{"line":23,"column":2}},"line":4},"1":{"name":"processUserLogin","decl":{"start":{"line":25,"column":25},"end":{"line":42,"column":2}},"loc":{"start":{"line":25,"column":25},"end":{"line":42,"column":2}},"line":25},"2":{"name":"getUserByUsername","decl":{"start":{"line":44,"column":26},"end":{"line":50,"column":2}},"loc":{"start":{"line":44,"column":26},"end":{"line":50,"column":2}},"line":44}},"f":{"0":2,"1":3,"2":2}}
,"D:\\Projects\\Final Project\\express-blog-api\\services\\blog.service.js": {"path":"D:\\Projects\\Final Project\\express-blog-api\\services\\blog.service.js","all":false,"statementMap":{"0":{"start":{"line":1,"column":0},"end":{"line":1,"column":68}},"1":{"start":{"line":2,"column":0},"end":{"line":2,"column":0}},"2":{"start":{"line":3,"column":0},"end":{"line":3,"column":49}},"3":{"start":{"line":4,"column":0},"end":{"line":4,"column":57}},"4":{"start":{"line":5,"column":0},"end":{"line":5,"column":12}},"5":{"start":{"line":6,"column":0},"end":{"line":6,"column":18}},"6":{"start":{"line":7,"column":0},"end":{"line":7,"column":19}},"7":{"start":{"line":8,"column":0},"end":{"line":8,"column":4}},"8":{"start":{"line":9,"column":0},"end":{"line":9,"column":0}},"9":{"start":{"line":10,"column":0},"end":{"line":10,"column":22}},"10":{"start":{"line":11,"column":0},"end":{"line":11,"column":59}},"11":{"start":{"line":12,"column":0},"end":{"line":12,"column":3}},"12":{"start":{"line":13,"column":0},"end":{"line":13,"column":22}},"13":{"start":{"line":14,"column":0},"end":{"line":14,"column":2}},"14":{"start":{"line":15,"column":0},"end":{"line":15,"column":0}},"15":{"start":{"line":16,"column":0},"end":{"line":16,"column":49}},"16":{"start":{"line":17,"column":0},"end":{"line":17,"column":77}},"17":{"start":{"line":18,"column":0},"end":{"line":18,"column":0}},"18":{"start":{"line":19,"column":0},"end":{"line":19,"column":30}},"19":{"start":{"line":20,"column":0},"end":{"line":20,"column":40}},"20":{"start":{"line":21,"column":0},"end":{"line":21,"column":3}},"21":{"start":{"line":22,"column":0},"end":{"line":22,"column":30}},"22":{"start":{"line":23,"column":0},"end":{"line":23,"column":2}},"23":{"start":{"line":24,"column":0},"end":{"line":24,"column":0}},"24":{"start":{"line":25,"column":0},"end":{"line":25,"column":47}},"25":{"start":{"line":26,"column":0},"end":{"line":26,"column":20}},"26":{"start":{"line":27,"column":0},"end":{"line":27,"column":26}},"27":{"start":{"line":28,"column":0},"end":{"line":28,"column":0}},"28":{"start":{"line":29,"column":0},"end":{"line":29,"column":57}},"29":{"start":{"line":30,"column":0},"end":{"line":30,"column":57}},"30":{"start":{"line":31,"column":0},"end":{"line":31,"column":0}},"31":{"start":{"line":32,"column":0},"end":{"line":32,"column":28}},"32":{"start":{"line":33,"column":0},"end":{"line":33,"column":15}},"33":{"start":{"line":34,"column":0},"end":{"line":34,"column":21}},"34":{"start":{"line":35,"column":0},"end":{"line":35,"column":3}},"35":{"start":{"line":36,"column":0},"end":{"line":36,"column":62}},"36":{"start":{"line":37,"column":0},"end":{"line":37,"column":11}},"37":{"start":{"line":38,"column":0},"end":{"line":38,"column":16}},"38":{"start":{"line":39,"column":0},"end":{"line":39,"column":4}},"39":{"start":{"line":40,"column":0},"end":{"line":40,"column":0}},"40":{"start":{"line":41,"column":0},"end":{"line":41,"column":25}},"41":{"start":{"line":42,"column":0},"end":{"line":42,"column":41}},"42":{"start":{"line":43,"column":0},"end":{"line":43,"column":3}},"43":{"start":{"line":44,"column":0},"end":{"line":44,"column":25}},"44":{"start":{"line":45,"column":0},"end":{"line":45,"column":2}},"45":{"start":{"line":46,"column":0},"end":{"line":46,"column":0}},"46":{"start":{"line":47,"column":0},"end":{"line":47,"column":53}},"47":{"start":{"line":48,"column":0},"end":{"line":48,"column":35}},"48":{"start":{"line":49,"column":0},"end":{"line":49,"column":79}},"49":{"start":{"line":50,"column":0},"end":{"line":50,"column":21}},"50":{"start":{"line":51,"column":0},"end":{"line":51,"column":47}},"51":{"start":{"line":52,"column":0},"end":{"line":52,"column":23}},"52":{"start":{"line":53,"column":0},"end":{"line":53,"column":16}},"53":{"start":{"line":54,"column":0},"end":{"line":54,"column":3}},"54":{"start":{"line":55,"column":0},"end":{"line":55,"column":21}},"55":{"start":{"line":56,"column":0},"end":{"line":56,"column":2}},"56":{"start":{"line":57,"column":0},"end":{"line":57,"column":0}},"57":{"start":{"line":58,"column":0},"end":{"line":58,"column":45}},"58":{"start":{"line":59,"column":0},"end":{"line":59,"column":66}},"59":{"start":{"line":60,"column":0},"end":{"line":60,"column":0}},"60":{"start":{"line":61,"column":0},"end":{"line":61,"column":17}},"61":{"start":{"line":62,"column":0},"end":{"line":62,"column":47}},"62":{"start":{"line":63,"column":0},"end":{"line":63,"column":23}},"63":{"start":{"line":64,"column":0},"end":{"line":64,"column":16}},"64":{"start":{"line":65,"column":0},"end":{"line":65,"column":3}},"65":{"start":{"line":66,"column":0},"end":{"line":66,"column":0}},"66":{"start":{"line":67,"column":0},"end":{"line":67,"column":17}},"67":{"start":{"line":68,"column":0},"end":{"line":68,"column":2}},"68":{"start":{"line":69,"column":0},"end":{"line":69,"column":0}},"69":{"start":{"line":70,"column":0},"end":{"line":70,"column":62}},"70":{"start":{"line":71,"column":0},"end":{"line":71,"column":37}},"71":{"start":{"line":72,"column":0},"end":{"line":72,"column":64}},"72":{"start":{"line":73,"column":0},"end":{"line":73,"column":12}},"73":{"start":{"line":74,"column":0},"end":{"line":74,"column":12}},"74":{"start":{"line":75,"column":0},"end":{"line":75,"column":4}},"75":{"start":{"line":76,"column":0},"end":{"line":76,"column":21}},"76":{"start":{"line":77,"column":0},"end":{"line":77,"column":46}},"77":{"start":{"line":78,"column":0},"end":{"line":78,"column":23}},"78":{"start":{"line":79,"column":0},"end":{"line":79,"column":16}},"79":{"start":{"line":80,"column":0},"end":{"line":80,"column":3}},"80":{"start":{"line":81,"column":0},"end":{"line":81,"column":68}},"81":{"start":{"line":82,"column":0},"end":{"line":82,"column":13}},"82":{"start":{"line":83,"column":0},"end":{"line":83,"column":10}},"83":{"start":{"line":84,"column":0},"end":{"line":84,"column":11}},"84":{"start":{"line":85,"column":0},"end":{"line":85,"column":4}},"85":{"start":{"line":86,"column":0},"end":{"line":86,"column":0}},"86":{"start":{"line":87,"column":0},"end":{"line":87,"column":29}},"87":{"start":{"line":88,"column":0},"end":{"line":88,"column":48}},"88":{"start":{"line":89,"column":0},"end":{"line":89,"column":23}},"89":{"start":{"line":90,"column":0},"end":{"line":90,"column":16}},"90":{"start":{"line":91,"column":0},"end":{"line":91,"column":3}},"91":{"start":{"line":92,"column":0},"end":{"line":92,"column":0}},"92":{"start":{"line":93,"column":0},"end":{"line":93,"column":29}},"93":{"start":{"line":94,"column":0},"end":{"line":94,"column":2}},"94":{"start":{"line":95,"column":0},"end":{"line":95,"column":0}},"95":{"start":{"line":96,"column":0},"end":{"line":96,"column":18}},"96":{"start":{"line":97,"column":0},"end":{"line":97,"column":17}},"97":{"start":{"line":98,"column":0},"end":{"line":98,"column":26}},"98":{"start":{"line":99,"column":0},"end":{"line":99,"column":18}},"99":{"start":{"line":100,"column":0},"end":{"line":100,"column":20}},"100":{"start":{"line":101,"column":0},"end":{"line":101,"column":18}},"101":{"start":{"line":102,"column":0},"end":{"line":102,"column":20}},"102":{"start":{"line":103,"column":0},"end":{"line":103,"column":2}}},"s":{"0":1,"1":1,"2":1,"3":2,"4":2,"5":2,"6":2,"7":2,"8":1,"9":2,"10":0,"11":0,"12":1,"13":1,"14":1,"15":1,"16":2,"17":1,"18":2,"19":0,"20":0,"21":1,"22":1,"23":1,"24":1,"25":2,"26":2,"27":2,"28":2,"29":1,"30":1,"31":1,"32":1,"33":1,"34":1,"35":1,"36":1,"37":1,"38":1,"39":1,"40":2,"41":0,"42":0,"43":1,"44":1,"45":1,"46":1,"47":2,"48":2,"49":2,"50":0,"51":0,"52":0,"53":0,"54":1,"55":1,"56":1,"57":1,"58":2,"59":1,"60":2,"61":0,"62":0,"63":0,"64":0,"65":1,"66":1,"67":1,"68":1,"69":1,"70":3,"71":3,"72":3,"73":3,"74":3,"75":3,"76":0,"77":0,"78":0,"79":0,"80":2,"81":2,"82":2,"83":2,"84":2,"85":1,"86":3,"87":0,"88":0,"89":0,"90":0,"91":1,"92":1,"93":1,"94":1,"95":1,"96":1,"97":1,"98":1,"99":1,"100":1,"101":1,"102":1},"branchMap":{"0":{"type":"branch","line":3,"loc":{"start":{"line":3,"column":23},"end":{"line":14,"column":2}},"locations":[{"start":{"line":3,"column":23},"end":{"line":14,"column":2}}]},"1":{"type":"branch","line":8,"loc":{"start":{"line":8,"column":3},"end":{"line":10,"column":21}},"locations":[{"start":{"line":8,"column":3},"end":{"line":10,"column":21}}]},"2":{"type":"branch","line":10,"loc":{"start":{"line":10,"column":21},"end":{"line":12,"column":3}},"locations":[{"start":{"line":10,"column":21},"end":{"line":12,"column":3}}]},"3":{"type":"branch","line":12,"loc":{"start":{"line":12,"column":2},"end":{"line":14,"column":2}},"locations":[{"start":{"line":12,"column":2},"end":{"line":14,"column":2}}]},"4":{"type":"branch","line":16,"loc":{"start":{"line":16,"column":32},"end":{"line":23,"column":2}},"locations":[{"start":{"line":16,"column":32},"end":{"line":23,"column":2}}]},"5":{"type":"branch","line":17,"loc":{"start":{"line":17,"column":76},"end":{"line":19,"column":29}},"locations":[{"start":{"line":17,"column":76},"end":{"line":19,"column":29}}]},"6":{"type":"branch","line":19,"loc":{"start":{"line":19,"column":29},"end":{"line":21,"column":3}},"locations":[{"start":{"line":19,"column":29},"end":{"line":21,"column":3}}]},"7":{"type":"branch","line":21,"loc":{"start":{"line":21,"column":2},"end":{"line":23,"column":2}},"locations":[{"start":{"line":21,"column":2},"end":{"line":23,"column":2}}]},"8":{"type":"branch","line":25,"loc":{"start":{"line":25,"column":24},"end":{"line":45,"column":2}},"locations":[{"start":{"line":25,"column":24},"end":{"line":45,"column":2}}]},"9":{"type":"branch","line":29,"loc":{"start":{"line":29,"column":56},"end":{"line":41,"column":24}},"locations":[{"start":{"line":29,"column":56},"end":{"line":41,"column":24}}]},"10":{"type":"branch","line":41,"loc":{"start":{"line":41,"column":24},"end":{"line":43,"column":3}},"locations":[{"start":{"line":41,"column":24},"end":{"line":43,"column":3}}]},"11":{"type":"branch","line":43,"loc":{"start":{"line":43,"column":2},"end":{"line":45,"column":2}},"locations":[{"start":{"line":43,"column":2},"end":{"line":45,"column":2}}]},"12":{"type":"branch","line":47,"loc":{"start":{"line":47,"column":26},"end":{"line":56,"column":2}},"locations":[{"start":{"line":47,"column":26},"end":{"line":56,"column":2}}]},"13":{"type":"branch","line":49,"loc":{"start":{"line":49,"column":78},"end":{"line":50,"column":20}},"locations":[{"start":{"line":49,"column":78},"end":{"line":50,"column":20}}]},"14":{"type":"branch","line":50,"loc":{"start":{"line":50,"column":20},"end":{"line":54,"column":3}},"locations":[{"start":{"line":50,"column":20},"end":{"line":54,"column":3}}]},"15":{"type":"branch","line":54,"loc":{"start":{"line":54,"column":2},"end":{"line":56,"column":2}},"locations":[{"start":{"line":54,"column":2},"end":{"line":56,"column":2}}]},"16":{"type":"branch","line":58,"loc":{"start":{"line":58,"column":24},"end":{"line":68,"column":2}},"locations":[{"start":{"line":58,"column":24},"end":{"line":68,"column":2}}]},"17":{"type":"branch","line":59,"loc":{"start":{"line":59,"column":65},"end":{"line":61,"column":16}},"locations":[{"start":{"line":59,"column":65},"end":{"line":61,"column":16}}]},"18":{"type":"branch","line":61,"loc":{"start":{"line":61,"column":16},"end":{"line":65,"column":3}},"locations":[{"start":{"line":61,"column":16},"end":{"line":65,"column":3}}]},"19":{"type":"branch","line":65,"loc":{"start":{"line":65,"column":2},"end":{"line":68,"column":2}},"locations":[{"start":{"line":65,"column":2},"end":{"line":68,"column":2}}]},"20":{"type":"branch","line":70,"loc":{"start":{"line":70,"column":26},"end":{"line":94,"column":2}},"locations":[{"start":{"line":70,"column":26},"end":{"line":94,"column":2}}]},"21":{"type":"branch","line":75,"loc":{"start":{"line":75,"column":3},"end":{"line":76,"column":20}},"locations":[{"start":{"line":75,"column":3},"end":{"line":76,"column":20}}]},"22":{"type":"branch","line":76,"loc":{"start":{"line":76,"column":20},"end":{"line":80,"column":3}},"locations":[{"start":{"line":76,"column":20},"end":{"line":80,"column":3}}]},"23":{"type":"branch","line":80,"loc":{"start":{"line":80,"column":2},"end":{"line":85,"column":4}},"locations":[{"start":{"line":80,"column":2},"end":{"line":85,"column":4}}]},"24":{"type":"branch","line":85,"loc":{"start":{"line":85,"column":3},"end":{"line":87,"column":28}},"locations":[{"start":{"line":85,"column":3},"end":{"line":87,"column":28}}]},"25":{"type":"branch","line":87,"loc":{"start":{"line":87,"column":28},"end":{"line":91,"column":3}},"locations":[{"start":{"line":87,"column":28},"end":{"line":91,"column":3}}]},"26":{"type":"branch","line":91,"loc":{"start":{"line":91,"column":2},"end":{"line":94,"column":2}},"locations":[{"start":{"line":91,"column":2},"end":{"line":94,"column":2}}]}},"b":{"0":[2],"1":[1],"2":[0],"3":[1],"4":[2],"5":[1],"6":[0],"7":[1],"8":[2],"9":[1],"10":[0],"11":[1],"12":[2],"13":[1],"14":[0],"15":[1],"16":[2],"17":[1],"18":[0],"19":[1],"20":[3],"21":[2],"22":[0],"23":[2],"24":[1],"25":[0],"26":[1]},"fnMap":{"0":{"name":"processNewBlog","decl":{"start":{"line":3,"column":23},"end":{"line":14,"column":2}},"loc":{"start":{"line":3,"column":23},"end":{"line":14,"column":2}},"line":3},"1":{"name":"processSpecificUserBlog","decl":{"start":{"line":16,"column":32},"end":{"line":23,"column":2}},"loc":{"start":{"line":16,"column":32},"end":{"line":23,"column":2}},"line":16},"2":{"name":"processAllBlogs","decl":{"start":{"line":25,"column":24},"end":{"line":45,"column":2}},"loc":{"start":{"line":25,"column":24},"end":{"line":45,"column":2}},"line":25},"3":{"name":"processDeleteBlog","decl":{"start":{"line":47,"column":26},"end":{"line":56,"column":2}},"loc":{"start":{"line":47,"column":26},"end":{"line":56,"column":2}},"line":47},"4":{"name":"processBlogbyId","decl":{"start":{"line":58,"column":24},"end":{"line":68,"column":2}},"loc":{"start":{"line":58,"column":24},"end":{"line":68,"column":2}},"line":58},"5":{"name":"processUpdateBlog","decl":{"start":{"line":70,"column":26},"end":{"line":94,"column":2}},"loc":{"start":{"line":70,"column":26},"end":{"line":94,"column":2}},"line":70}},"f":{"0":2,"1":2,"2":2,"3":2,"4":2,"5":3}}
,"D:\\Projects\\Final Project\\express-blog-api\\services\\user.service.js": {"path":"D:\\Projects\\Final Project\\express-blog-api\\services\\user.service.js","all":false,"statementMap":{"0":{"start":{"line":1,"column":0},"end":{"line":1,"column":68}},"1":{"start":{"line":2,"column":0},"end":{"line":2,"column":33}},"2":{"start":{"line":3,"column":0},"end":{"line":3,"column":57}},"3":{"start":{"line":4,"column":0},"end":{"line":4,"column":48}},"4":{"start":{"line":5,"column":0},"end":{"line":5,"column":0}},"5":{"start":{"line":6,"column":0},"end":{"line":6,"column":48}},"6":{"start":{"line":7,"column":0},"end":{"line":7,"column":19}},"7":{"start":{"line":8,"column":0},"end":{"line":8,"column":24}},"8":{"start":{"line":9,"column":0},"end":{"line":9,"column":3}},"9":{"start":{"line":10,"column":0},"end":{"line":10,"column":7}},"10":{"start":{"line":11,"column":0},"end":{"line":11,"column":46}},"11":{"start":{"line":12,"column":0},"end":{"line":12,"column":0}},"12":{"start":{"line":13,"column":0},"end":{"line":13,"column":55}},"13":{"start":{"line":14,"column":0},"end":{"line":14,"column":0}},"14":{"start":{"line":15,"column":0},"end":{"line":15,"column":16}},"15":{"start":{"line":16,"column":0},"end":{"line":16,"column":26}},"16":{"start":{"line":17,"column":0},"end":{"line":17,"column":5}},"17":{"start":{"line":18,"column":0},"end":{"line":18,"column":0}},"18":{"start":{"line":19,"column":0},"end":{"line":19,"column":16}},"19":{"start":{"line":20,"column":0},"end":{"line":20,"column":19}},"20":{"start":{"line":21,"column":0},"end":{"line":21,"column":32}},"21":{"start":{"line":22,"column":0},"end":{"line":22,"column":24}},"22":{"start":{"line":23,"column":0},"end":{"line":23,"column":3}},"23":{"start":{"line":24,"column":0},"end":{"line":24,"column":2}},"24":{"start":{"line":25,"column":0},"end":{"line":25,"column":0}},"25":{"start":{"line":26,"column":0},"end":{"line":26,"column":47}},"26":{"start":{"line":27,"column":0},"end":{"line":27,"column":73}},"27":{"start":{"line":28,"column":0},"end":{"line":28,"column":0}},"28":{"start":{"line":29,"column":0},"end":{"line":29,"column":25}},"29":{"start":{"line":30,"column":0},"end":{"line":30,"column":48}},"30":{"start":{"line":31,"column":0},"end":{"line":31,"column":23}},"31":{"start":{"line":32,"column":0},"end":{"line":32,"column":16}},"32":{"start":{"line":33,"column":0},"end":{"line":33,"column":3}},"33":{"start":{"line":34,"column":0},"end":{"line":34,"column":25}},"34":{"start":{"line":35,"column":0},"end":{"line":35,"column":2}},"35":{"start":{"line":36,"column":0},"end":{"line":36,"column":0}},"36":{"start":{"line":37,"column":0},"end":{"line":37,"column":69}},"37":{"start":{"line":38,"column":0},"end":{"line":38,"column":38}},"38":{"start":{"line":39,"column":0},"end":{"line":39,"column":0}},"39":{"start":{"line":40,"column":0},"end":{"line":40,"column":47}},"40":{"start":{"line":41,"column":0},"end":{"line":41,"column":24}},"41":{"start":{"line":42,"column":0},"end":{"line":42,"column":17}},"42":{"start":{"line":43,"column":0},"end":{"line":43,"column":4}},"43":{"start":{"line":44,"column":0},"end":{"line":44,"column":0}},"44":{"start":{"line":45,"column":0},"end":{"line":45,"column":25}},"45":{"start":{"line":46,"column":0},"end":{"line":46,"column":51}},"46":{"start":{"line":47,"column":0},"end":{"line":47,"column":23}},"47":{"start":{"line":48,"column":0},"end":{"line":48,"column":16}},"48":{"start":{"line":49,"column":0},"end":{"line":49,"column":3}},"49":{"start":{"line":50,"column":0},"end":{"line":50,"column":64}},"50":{"start":{"line":51,"column":0},"end":{"line":51,"column":0}},"51":{"start":{"line":52,"column":0},"end":{"line":52,"column":64}},"52":{"start":{"line":53,"column":0},"end":{"line":53,"column":12}},"53":{"start":{"line":54,"column":0},"end":{"line":54,"column":19}},"54":{"start":{"line":55,"column":0},"end":{"line":55,"column":4}},"55":{"start":{"line":56,"column":0},"end":{"line":56,"column":0}},"56":{"start":{"line":57,"column":0},"end":{"line":57,"column":19}},"57":{"start":{"line":58,"column":0},"end":{"line":58,"column":48}},"58":{"start":{"line":59,"column":0},"end":{"line":59,"column":23}},"59":{"start":{"line":60,"column":0},"end":{"line":60,"column":16}},"60":{"start":{"line":61,"column":0},"end":{"line":61,"column":3}},"61":{"start":{"line":62,"column":0},"end":{"line":62,"column":0}},"62":{"start":{"line":63,"column":0},"end":{"line":63,"column":19}},"63":{"start":{"line":64,"column":0},"end":{"line":64,"column":2}},"64":{"start":{"line":65,"column":0},"end":{"line":65,"column":0}},"65":{"start":{"line":66,"column":0},"end":{"line":66,"column":18}},"66":{"start":{"line":67,"column":0},"end":{"line":67,"column":20}},"67":{"start":{"line":68,"column":0},"end":{"line":68,"column":24}},"68":{"start":{"line":69,"column":0},"end":{"line":69,"column":20}},"69":{"start":{"line":70,"column":0},"end":{"line":70,"column":2}}},"s":{"0":1,"1":1,"2":1,"3":1,"4":1,"5":1,"6":3,"7":1,"8":1,"9":3,"10":3,"11":3,"12":3,"13":3,"14":3,"15":0,"16":0,"17":3,"18":3,"19":3,"20":0,"21":0,"22":0,"23":3,"24":1,"25":1,"26":2,"27":1,"28":2,"29":0,"30":0,"31":0,"32":0,"33":1,"34":1,"35":1,"36":1,"37":3,"38":3,"39":3,"40":3,"41":3,"42":3,"43":3,"44":3,"45":1,"46":1,"47":1,"48":1,"49":2,"50":2,"51":2,"52":2,"53":2,"54":2,"55":2,"56":3,"57":1,"58":1,"59":1,"60":1,"61":1,"62":1,"63":1,"64":1,"65":1,"66":1,"67":1,"68":1,"69":1},"branchMap":{"0":{"type":"branch","line":6,"loc":{"start":{"line":6,"column":26},"end":{"line":24,"column":2}},"locations":[{"start":{"line":6,"column":26},"end":{"line":24,"column":2}}]},"1":{"type":"branch","line":7,"loc":{"start":{"line":7,"column":18},"end":{"line":9,"column":3}},"locations":[{"start":{"line":7,"column":18},"end":{"line":9,"column":3}}]},"2":{"type":"branch","line":15,"loc":{"start":{"line":15,"column":15},"end":{"line":17,"column":5}},"locations":[{"start":{"line":15,"column":15},"end":{"line":17,"column":5}}]},"3":{"type":"branch","line":20,"loc":{"start":{"line":20,"column":4},"end":{"line":23,"column":3}},"locations":[{"start":{"line":20,"column":4},"end":{"line":23,"column":3}}]},"4":{"type":"branch","line":26,"loc":{"start":{"line":26,"column":30},"end":{"line":35,"column":2}},"locations":[{"start":{"line":26,"column":30},"end":{"line":35,"column":2}}]},"5":{"type":"branch","line":27,"loc":{"start":{"line":27,"column":72},"end":{"line":29,"column":24}},"locations":[{"start":{"line":27,"column":72},"end":{"line":29,"column":24}}]},"6":{"type":"branch","line":29,"loc":{"start":{"line":29,"column":24},"end":{"line":33,"column":3}},"locations":[{"start":{"line":29,"column":24},"end":{"line":33,"column":3}}]},"7":{"type":"branch","line":33,"loc":{"start":{"line":33,"column":2},"end":{"line":35,"column":2}},"locations":[{"start":{"line":33,"column":2},"end":{"line":35,"column":2}}]},"8":{"type":"branch","line":37,"loc":{"start":{"line":37,"column":26},"end":{"line":64,"column":2}},"locations":[{"start":{"line":37,"column":26},"end":{"line":64,"column":2}}]},"9":{"type":"branch","line":45,"loc":{"start":{"line":45,"column":24},"end":{"line":49,"column":3}},"locations":[{"start":{"line":45,"column":24},"end":{"line":49,"column":3}}]},"10":{"type":"branch","line":49,"loc":{"start":{"line":49,"column":2},"end":{"line":57,"column":18}},"locations":[{"start":{"line":49,"column":2},"end":{"line":57,"column":18}}]},"11":{"type":"branch","line":57,"loc":{"start":{"line":57,"column":18},"end":{"line":64,"column":2}},"locations":[{"start":{"line":57,"column":18},"end":{"line":64,"column":2}}]}},"b":{"0":[3],"1":[1],"2":[0],"3":[0],"4":[2],"5":[1],"6":[0],"7":[1],"8":[3],"9":[1],"10":[2],"11":[1]},"fnMap":{"0":{"name":"userFromAuthToken","decl":{"start":{"line":6,"column":26},"end":{"line":24,"column":2}},"loc":{"start":{"line":6,"column":26},"end":{"line":24,"column":2}},"line":6},"1":{"name":"processUserDeleteById","decl":{"start":{"line":26,"column":30},"end":{"line":35,"column":2}},"loc":{"start":{"line":26,"column":30},"end":{"line":35,"column":2}},"line":26},"2":{"name":"processUserUpdate","decl":{"start":{"line":37,"column":26},"end":{"line":64,"column":2}},"loc":{"start":{"line":37,"column":26},"end":{"line":64,"column":2}},"line":37}},"f":{"0":3,"1":2,"2":3}}
,"D:\\Projects\\Final Project\\express-blog-api\\utils\\JWT.js": {"path":"D:\\Projects\\Final Project\\express-blog-api\\utils\\JWT.js","all":false,"statementMap":{"0":{"start":{"line":1,"column":0},"end":{"line":1,"column":49}},"1":{"start":{"line":2,"column":0},"end":{"line":2,"column":30}},"2":{"start":{"line":3,"column":0},"end":{"line":3,"column":0}},"3":{"start":{"line":4,"column":0},"end":{"line":4,"column":33}},"4":{"start":{"line":5,"column":0},"end":{"line":5,"column":0}},"5":{"start":{"line":6,"column":0},"end":{"line":6,"column":33}},"6":{"start":{"line":7,"column":0},"end":{"line":7,"column":35}},"7":{"start":{"line":8,"column":0},"end":{"line":8,"column":54}},"8":{"start":{"line":9,"column":0},"end":{"line":9,"column":21}},"9":{"start":{"line":10,"column":0},"end":{"line":10,"column":2}},"10":{"start":{"line":11,"column":0},"end":{"line":11,"column":0}},"11":{"start":{"line":12,"column":0},"end":{"line":12,"column":38}},"12":{"start":{"line":13,"column":0},"end":{"line":13,"column":34}},"13":{"start":{"line":14,"column":0},"end":{"line":14,"column":2}},"14":{"start":{"line":15,"column":0},"end":{"line":15,"column":0}},"15":{"start":{"line":16,"column":0},"end":{"line":16,"column":46}}},"s":{"0":1,"1":1,"2":1,"3":1,"4":1,"5":1,"6":0,"7":0,"8":0,"9":0,"10":1,"11":1,"12":0,"13":0,"14":1,"15":1},"branchMap":{},"b":{},"fnMap":{"0":{"name":"createToken","decl":{"start":{"line":6,"column":21},"end":{"line":10,"column":2}},"loc":{"start":{"line":6,"column":21},"end":{"line":10,"column":2}},"line":6},"1":{"name":"decodeToken","decl":{"start":{"line":12,"column":20},"end":{"line":14,"column":2}},"loc":{"start":{"line":12,"column":20},"end":{"line":14,"column":2}},"line":12}},"f":{"0":0,"1":0}}
,"D:\\Projects\\Final Project\\express-blog-api\\utils\\errors.js": {"path":"D:\\Projects\\Final Project\\express-blog-api\\utils\\errors.js","all":false,"statementMap":{"0":{"start":{"line":1,"column":0},"end":{"line":1,"column":33}},"1":{"start":{"line":2,"column":0},"end":{"line":2,"column":43}},"2":{"start":{"line":3,"column":0},"end":{"line":3,"column":21}},"3":{"start":{"line":4,"column":0},"end":{"line":4,"column":14}},"4":{"start":{"line":5,"column":0},"end":{"line":5,"column":2}},"5":{"start":{"line":6,"column":0},"end":{"line":6,"column":0}},"6":{"start":{"line":7,"column":0},"end":{"line":7,"column":39}}},"s":{"0":1,"1":0,"2":0,"3":0,"4":0,"5":1,"6":1},"branchMap":{},"b":{},"fnMap":{"0":{"name":"UnauthorizedError","decl":{"start":{"line":1,"column":26},"end":{"line":5,"column":2}},"loc":{"start":{"line":1,"column":26},"end":{"line":5,"column":2}},"line":1}},"f":{"0":0}}
,"D:\\Projects\\Final Project\\express-blog-api\\utils\\responseType.js": {"path":"D:\\Projects\\Final Project\\express-blog-api\\utils\\responseType.js","all":false,"statementMap":{"0":{"start":{"line":1,"column":0},"end":{"line":1,"column":33}},"1":{"start":{"line":2,"column":0},"end":{"line":2,"column":60}},"2":{"start":{"line":3,"column":0},"end":{"line":3,"column":13}},"3":{"start":{"line":4,"column":0},"end":{"line":4,"column":0}},"4":{"start":{"line":5,"column":0},"end":{"line":5,"column":22}},"5":{"start":{"line":6,"column":0},"end":{"line":6,"column":16}},"6":{"start":{"line":7,"column":0},"end":{"line":7,"column":20}},"7":{"start":{"line":8,"column":0},"end":{"line":8,"column":13}},"8":{"start":{"line":9,"column":0},"end":{"line":9,"column":21}},"9":{"start":{"line":10,"column":0},"end":{"line":10,"column":22}},"10":{"start":{"line":11,"column":0},"end":{"line":11,"column":28}},"11":{"start":{"line":12,"column":0},"end":{"line":12,"column":33}},"12":{"start":{"line":13,"column":0},"end":{"line":13,"column":9}},"13":{"start":{"line":14,"column":0},"end":{"line":14,"column":20}},"14":{"start":{"line":15,"column":0},"end":{"line":15,"column":12}},"15":{"start":{"line":16,"column":0},"end":{"line":16,"column":16}},"16":{"start":{"line":17,"column":0},"end":{"line":17,"column":21}},"17":{"start":{"line":18,"column":0},"end":{"line":18,"column":12}},"18":{"start":{"line":19,"column":0},"end":{"line":19,"column":16}},"19":{"start":{"line":20,"column":0},"end":{"line":20,"column":20}},"20":{"start":{"line":21,"column":0},"end":{"line":21,"column":13}},"21":{"start":{"line":22,"column":0},"end":{"line":22,"column":19}},"22":{"start":{"line":23,"column":0},"end":{"line":23,"column":45}},"23":{"start":{"line":24,"column":0},"end":{"line":24,"column":44}},"24":{"start":{"line":25,"column":0},"end":{"line":25,"column":43}},"25":{"start":{"line":26,"column":0},"end":{"line":26,"column":9}},"26":{"start":{"line":27,"column":0},"end":{"line":27,"column":18}},"27":{"start":{"line":28,"column":0},"end":{"line":28,"column":12}},"28":{"start":{"line":29,"column":0},"end":{"line":29,"column":17}},"29":{"start":{"line":30,"column":0},"end":{"line":30,"column":46}},"30":{"start":{"line":31,"column":0},"end":{"line":31,"column":46}},"31":{"start":{"line":32,"column":0},"end":{"line":32,"column":16}},"32":{"start":{"line":33,"column":0},"end":{"line":33,"column":38}},"33":{"start":{"line":34,"column":0},"end":{"line":34,"column":24}},"34":{"start":{"line":35,"column":0},"end":{"line":35,"column":30}},"35":{"start":{"line":36,"column":0},"end":{"line":36,"column":34}},"36":{"start":{"line":37,"column":0},"end":{"line":37,"column":14}},"37":{"start":{"line":38,"column":0},"end":{"line":38,"column":10}},"38":{"start":{"line":39,"column":0},"end":{"line":39,"column":9}},"39":{"start":{"line":40,"column":0},"end":{"line":40,"column":0}},"40":{"start":{"line":41,"column":0},"end":{"line":41,"column":23}},"41":{"start":{"line":42,"column":0},"end":{"line":42,"column":12}},"42":{"start":{"line":43,"column":0},"end":{"line":43,"column":5}},"43":{"start":{"line":44,"column":0},"end":{"line":44,"column":0}},"44":{"start":{"line":45,"column":0},"end":{"line":45,"column":12}},"45":{"start":{"line":46,"column":0},"end":{"line":46,"column":40}},"46":{"start":{"line":47,"column":0},"end":{"line":47,"column":3}},"47":{"start":{"line":48,"column":0},"end":{"line":48,"column":0}},"48":{"start":{"line":49,"column":0},"end":{"line":49,"column":16}},"49":{"start":{"line":50,"column":0},"end":{"line":50,"column":2}},"50":{"start":{"line":51,"column":0},"end":{"line":51,"column":0}},"51":{"start":{"line":52,"column":0},"end":{"line":52,"column":50}}},"s":{"0":1,"1":1,"2":0,"3":0,"4":0,"5":0,"6":0,"7":0,"8":0,"9":0,"10":0,"11":0,"12":0,"13":0,"14":0,"15":0,"16":0,"17":0,"18":0,"19":0,"20":0,"21":0,"22":0,"23":0,"24":0,"25":0,"26":0,"27":0,"28":0,"29":0,"30":0,"31":0,"32":0,"33":0,"34":0,"35":0,"36":0,"37":0,"38":0,"39":0,"40":0,"41":0,"42":0,"43":0,"44":0,"45":0,"46":0,"47":0,"48":0,"49":0,"50":1,"51":1},"branchMap":{},"b":{},"fnMap":{"0":{"name":"getContentBasedOnNegotiation","decl":{"start":{"line":2,"column":37},"end":{"line":50,"column":2}},"loc":{"start":{"line":2,"column":37},"end":{"line":50,"column":2}},"line":2}},"f":{"0":0}}
}
