TN:
SF:__TEST__\testDB.js
FNF:0
FNH:0
DA:1,1
DA:2,1
DA:3,1
DA:4,1
DA:5,1
DA:6,1
DA:7,1
DA:8,1
DA:9,1
DA:10,1
DA:11,1
DA:12,1
DA:13,1
DA:14,1
DA:15,1
DA:16,1
DA:17,1
DA:18,1
DA:19,1
DA:20,1
DA:21,1
DA:22,1
DA:23,1
DA:24,1
DA:25,1
DA:26,1
DA:27,1
DA:28,1
DA:29,1
DA:30,1
DA:31,1
DA:32,1
DA:33,1
DA:34,1
DA:35,1
DA:36,1
DA:37,1
DA:38,1
DA:39,1
DA:40,1
DA:41,1
DA:42,1
DA:43,1
DA:44,1
DA:45,1
DA:46,1
DA:47,1
DA:48,1
DA:49,1
DA:50,1
DA:51,1
DA:52,1
DA:53,1
DA:54,1
DA:55,1
DA:56,1
DA:57,1
DA:58,1
DA:59,1
DA:60,1
DA:61,1
DA:62,1
DA:63,1
DA:64,1
DA:65,1
DA:66,1
DA:67,1
DA:68,1
DA:69,1
DA:70,1
DA:71,1
DA:72,1
DA:73,1
DA:74,1
DA:75,1
DA:76,1
DA:77,1
DA:78,1
DA:79,1
DA:80,1
DA:81,1
DA:82,1
LF:82
LH:82
BRF:0
BRH:0
end_of_record
TN:
SF:configures\database.js
FNF:0
FNH:0
DA:1,1
DA:2,1
DA:3,1
DA:4,1
DA:5,1
DA:6,1
DA:7,1
DA:8,1
DA:9,1
DA:10,1
DA:11,1
DA:12,1
DA:13,1
DA:14,1
DA:15,1
DA:16,1
DA:17,0
DA:18,0
DA:19,1
DA:20,0
DA:21,1
DA:22,1
DA:23,1
LF:23
LH:20
BRF:0
BRH:0
end_of_record
TN:
SF:controllers\auth.controller.js
FN:6,handleUserRegistration
FN:36,handleLoginRequest
FNF:2
FNH:2
FNDA:2,handleUserRegistration
FNDA:2,handleLoginRequest
DA:1,1
DA:2,1
DA:3,1
DA:4,1
DA:5,1
DA:6,1
DA:7,2
DA:8,2
DA:9,2
DA:10,2
DA:11,2
DA:12,2
DA:13,2
DA:14,2
DA:15,2
DA:16,2
DA:17,1
DA:18,1
DA:19,1
DA:20,1
DA:21,1
DA:22,1
DA:23,1
DA:24,2
DA:25,0
DA:26,0
DA:27,1
DA:28,1
DA:29,1
DA:30,1
DA:31,1
DA:32,1
DA:33,1
DA:34,2
DA:35,1
DA:36,1
DA:37,2
DA:38,2
DA:39,2
DA:40,2
DA:41,2
DA:42,2
DA:43,2
DA:44,2
DA:45,2
DA:46,1
DA:47,2
DA:48,0
DA:49,0
DA:50,1
DA:51,1
DA:52,1
DA:53,1
DA:54,1
DA:55,1
DA:56,1
DA:57,1
DA:58,1
DA:59,1
DA:60,2
DA:61,0
DA:62,0
DA:63,1
DA:64,1
DA:65,1
DA:66,1
DA:67,1
DA:68,1
DA:69,1
DA:70,1
DA:71,1
DA:72,2
DA:73,1
DA:74,1
DA:75,1
DA:76,1
DA:77,1
LF:77
LH:71
BRDA:6,0,0,2
BRDA:16,1,0,1
BRDA:24,2,0,0
BRDA:26,3,0,1
BRDA:36,4,0,2
BRDA:45,5,0,1
BRDA:47,6,0,0
BRDA:49,7,0,1
BRDA:60,8,0,0
BRDA:62,9,0,1
BRF:10
BRH:7
end_of_record
TN:
SF:controllers\blog.controller.js
FN:5,handleCreateBlogRequest
FN:28,handleGetUserSelfBlogRequest
FN:53,handleGetAllBlogsRequest
FN:76,handleBlogDeletionRequest
FN:96,handleBlogByIdRequest
FN:115,handleUpdateBlogRequest
FNF:6
FNH:6
FNDA:2,handleCreateBlogRequest
FNDA:2,handleGetUserSelfBlogRequest
FNDA:2,handleGetAllBlogsRequest
FNDA:2,handleBlogDeletionRequest
FNDA:3,handleBlogByIdRequest
FNDA:2,handleUpdateBlogRequest
DA:1,1
DA:2,1
DA:3,1
DA:4,1
DA:5,1
DA:6,2
DA:7,2
DA:8,2
DA:9,2
DA:10,2
DA:11,2
DA:12,2
DA:13,2
DA:14,1
DA:15,1
DA:16,1
DA:17,1
DA:18,1
DA:19,1
DA:20,1
DA:21,1
DA:22,1
DA:23,1
DA:24,1
DA:25,1
DA:26,2
DA:27,1
DA:28,1
DA:29,2
DA:30,2
DA:31,2
DA:32,2
DA:33,2
DA:34,2
DA:35,1
DA:36,1
DA:37,1
DA:38,1
DA:39,1
DA:40,1
DA:41,2
DA:42,0
DA:43,0
DA:44,1
DA:45,1
DA:46,1
DA:47,1
DA:48,1
DA:49,1
DA:50,1
DA:51,2
DA:52,1
DA:53,1
DA:54,2
DA:55,2
DA:56,2
DA:57,2
DA:58,2
DA:59,1
DA:60,1
DA:61,1
DA:62,1
DA:63,2
DA:64,0
DA:65,0
DA:66,1
DA:67,1
DA:68,1
DA:69,1
DA:70,1
DA:71,1
DA:72,1
DA:73,1
DA:74,2
DA:75,1
DA:76,1
DA:77,2
DA:78,2
DA:79,2
DA:80,2
DA:81,2
DA:82,1
DA:83,1
DA:84,1
DA:85,1
DA:86,1
DA:87,1
DA:88,1
DA:89,0
DA:90,0
DA:91,2
DA:92,2
DA:93,2
DA:94,2
DA:95,1
DA:96,1
DA:97,3
DA:98,3
DA:99,3
DA:100,3
DA:101,3
DA:102,3
DA:103,3
DA:104,3
DA:105,3
DA:106,3
DA:107,3
DA:108,1
DA:109,1
DA:110,3
DA:111,2
DA:112,2
DA:113,3
DA:114,1
DA:115,1
DA:116,2
DA:117,2
DA:118,2
DA:119,2
DA:120,2
DA:121,2
DA:122,2
DA:123,2
DA:124,2
DA:125,2
DA:126,2
DA:127,1
DA:128,1
DA:129,1
DA:130,1
DA:131,1
DA:132,1
DA:133,1
DA:134,1
DA:135,1
DA:136,1
DA:137,1
DA:138,1
DA:139,2
DA:140,1
DA:141,1
DA:142,1
DA:143,1
DA:144,1
DA:145,1
DA:146,1
DA:147,1
DA:148,1
LF:148
LH:142
BRDA:5,0,0,2
BRDA:13,1,0,1
BRDA:15,2,0,1
BRDA:28,3,0,2
BRDA:34,4,0,1
BRDA:41,5,0,0
BRDA:43,6,0,1
BRDA:36,7,0,1
BRDA:53,8,0,2
BRDA:58,9,0,1
BRDA:63,10,0,0
BRDA:65,11,0,1
BRDA:59,12,0,1
BRDA:76,13,0,2
BRDA:81,14,0,1
BRDA:88,15,0,0
BRDA:96,16,0,3
BRDA:107,17,0,1
BRDA:110,18,0,2
BRDA:102,19,0,3
BRDA:115,20,0,2
BRDA:126,21,0,1
BRDA:128,22,0,1
BRF:23
BRH:20
end_of_record
TN:
SF:controllers\user.controller.js
FN:5,handleProfileGetRequest
FN:22,handleProfileDeletionRequest
FN:41,handlePasswordUpdateRequest
FNF:3
FNH:3
FNDA:2,handleProfileGetRequest
FNDA:2,handleProfileDeletionRequest
FNDA:2,handlePasswordUpdateRequest
DA:1,1
DA:2,1
DA:3,1
DA:4,1
DA:5,1
DA:6,2
DA:7,2
DA:8,2
DA:9,2
DA:10,2
DA:11,2
DA:12,2
DA:13,2
DA:14,2
DA:15,1
DA:16,1
DA:17,1
DA:18,1
DA:19,1
DA:20,2
DA:21,1
DA:22,1
DA:23,2
DA:24,2
DA:25,2
DA:26,2
DA:27,1
DA:28,1
DA:29,1
DA:30,1
DA:31,1
DA:32,1
DA:33,1
DA:34,1
DA:35,0
DA:36,2
DA:37,2
DA:38,2
DA:39,2
DA:40,1
DA:41,1
DA:42,2
DA:43,2
DA:44,2
DA:45,2
DA:46,2
DA:47,2
DA:48,2
DA:49,2
DA:50,2
DA:51,2
DA:52,2
DA:53,2
DA:54,2
DA:55,2
DA:56,1
DA:57,1
DA:58,1
DA:59,1
DA:60,1
DA:61,1
DA:62,1
DA:63,1
DA:64,0
DA:65,0
DA:66,2
DA:67,2
DA:68,2
DA:69,2
DA:70,1
DA:71,1
DA:72,1
DA:73,1
DA:74,1
DA:75,1
LF:75
LH:72
BRDA:5,0,0,2
BRDA:14,1,0,1
BRDA:22,2,0,2
BRDA:26,3,0,1
BRDA:34,4,0,0
BRDA:41,5,0,2
BRDA:55,6,0,1
BRDA:63,7,0,0
BRF:8
BRH:6
end_of_record
TN:
SF:dto\blog.dto.js
FN:1,<instance_members_initializer>
FN:10,<instance_members_initializer>
FNF:2
FNH:0
FNDA:0,<instance_members_initializer>
FNDA:0,<instance_members_initializer>
DA:1,0
DA:2,0
DA:3,0
DA:4,0
DA:5,0
DA:6,0
DA:7,0
DA:8,0
DA:9,1
DA:10,0
DA:11,0
DA:12,0
DA:13,0
DA:14,0
DA:15,0
DA:16,0
DA:17,0
DA:18,1
DA:19,1
LF:19
LH:3
BRDA:1,0,0,0
BRDA:10,1,0,0
BRF:2
BRH:0
end_of_record
TN:
SF:dto\user.dto.js
FN:2,UserRegRequestDto
FN:9,<instance_members_initializer>
FN:20,UserUpdateRequestDto
FNF:3
FNH:0
FNDA:0,UserRegRequestDto
FNDA:0,<instance_members_initializer>
FNDA:0,UserUpdateRequestDto
DA:1,1
DA:2,1
DA:3,0
DA:4,0
DA:5,0
DA:6,0
DA:7,1
DA:8,1
DA:9,0
DA:10,0
DA:11,0
DA:12,0
DA:13,0
DA:14,0
DA:15,0
DA:16,0
DA:17,0
DA:18,1
DA:19,1
DA:20,1
DA:21,0
DA:22,0
DA:23,1
DA:24,1
DA:25,1
DA:26,1
DA:27,1
DA:28,1
DA:29,1
LF:29
LH:14
BRF:0
BRH:0
end_of_record
TN:
SF:models\blog.model.js
FNF:0
FNH:0
DA:1,1
DA:2,1
DA:3,1
DA:4,1
DA:5,1
DA:6,1
DA:7,1
DA:8,1
DA:9,1
DA:10,1
DA:11,1
DA:12,1
DA:13,1
DA:14,1
DA:15,1
DA:16,1
DA:17,1
DA:18,1
DA:19,1
DA:20,1
DA:21,1
DA:22,1
DA:23,1
DA:24,1
DA:25,1
LF:25
LH:25
BRF:0
BRH:0
end_of_record
TN:
SF:models\user.model.js
FNF:0
FNH:0
DA:1,1
DA:2,1
DA:3,1
DA:4,1
DA:5,1
DA:6,1
DA:7,1
DA:8,1
DA:9,1
DA:10,1
DA:11,1
DA:12,1
DA:13,1
DA:14,1
DA:15,1
DA:16,1
DA:17,1
DA:18,1
DA:19,1
DA:20,1
DA:21,1
DA:22,1
DA:23,1
DA:24,1
DA:25,1
DA:26,1
DA:27,1
LF:27
LH:27
BRF:0
BRH:0
end_of_record
TN:
SF:repositories\auth.repository.js
FN:3,findEmailByUserEmail
FN:7,getUserByUsername
FN:14,createUser
FNF:3
FNH:3
FNDA:2,findEmailByUserEmail
FNDA:2,getUserByUsername
FNDA:2,createUser
DA:1,1
DA:2,1
DA:3,1
DA:4,2
DA:5,2
DA:6,1
DA:7,1
DA:8,2
DA:9,2
DA:10,1
DA:11,1
DA:12,1
DA:13,1
DA:14,1
DA:15,2
DA:16,2
DA:17,1
DA:18,1
DA:19,1
DA:20,1
DA:21,1
DA:22,1
DA:23,1
LF:23
LH:23
BRDA:3,0,0,2
BRDA:7,1,0,2
BRDA:14,2,0,2
BRF:3
BRH:3
end_of_record
TN:
SF:repositories\blog.repository.js
FN:3,createBlog
FN:7,findBlogsById
FN:14,countBlogs
FN:18,findAllBlogs
FN:26,findBlogById
FN:30,deleteBlogById
FN:34,findBlogByUUId
FN:41,findBlogByAuthUser
FN:48,updateBlogById
FNF:9
FNH:9
FNDA:2,createBlog
FNDA:2,findBlogsById
FNDA:1,countBlogs
FNDA:2,findAllBlogs
FNDA:2,findBlogById
FNDA:2,deleteBlogById
FNDA:2,findBlogByUUId
FNDA:2,findBlogByAuthUser
FNDA:3,updateBlogById
DA:1,1
DA:2,1
DA:3,1
DA:4,2
DA:5,2
DA:6,1
DA:7,1
DA:8,2
DA:9,2
DA:10,2
DA:11,2
DA:12,2
DA:13,1
DA:14,1
DA:15,1
DA:16,1
DA:17,1
DA:18,1
DA:19,2
DA:20,2
DA:21,2
DA:22,2
DA:23,2
DA:24,2
DA:25,1
DA:26,1
DA:27,2
DA:28,2
DA:29,1
DA:30,1
DA:31,2
DA:32,2
DA:33,1
DA:34,1
DA:35,2
DA:36,2
DA:37,2
DA:38,2
DA:39,2
DA:40,1
DA:41,1
DA:42,2
DA:43,2
DA:44,2
DA:45,2
DA:46,2
DA:47,1
DA:48,1
DA:49,3
DA:50,3
DA:51,3
DA:52,3
DA:53,1
DA:54,1
DA:55,1
DA:56,1
DA:57,1
DA:58,1
DA:59,1
DA:60,1
DA:61,1
DA:62,1
DA:63,1
DA:64,1
LF:64
LH:64
BRDA:3,0,0,2
BRDA:7,1,0,2
BRDA:14,2,0,1
BRDA:18,3,0,2
BRDA:26,4,0,2
BRDA:30,5,0,2
BRDA:34,6,0,2
BRDA:41,7,0,2
BRDA:48,8,0,3
BRF:9
BRH:9
end_of_record
TN:
SF:repositories\user.repository.js
FN:3,getUserById
FN:9,deleteUserById
FN:15,updatePasswordByUser
FN:22,getUserByUsername
FNF:4
FNH:4
FNDA:2,getUserById
FNDA:2,deleteUserById
FNDA:2,updatePasswordByUser
FNDA:2,getUserByUsername
DA:1,1
DA:2,1
DA:3,1
DA:4,2
DA:5,2
DA:6,2
DA:7,2
DA:8,1
DA:9,1
DA:10,2
DA:11,2
DA:12,2
DA:13,2
DA:14,1
DA:15,1
DA:16,2
DA:17,2
DA:18,2
DA:19,2
DA:20,2
DA:21,1
DA:22,1
DA:23,2
DA:24,2
DA:25,1
DA:26,1
DA:27,1
DA:28,1
DA:29,1
DA:30,1
DA:31,1
LF:31
LH:31
BRDA:3,0,0,2
BRDA:9,1,0,2
BRDA:15,2,0,2
BRDA:22,3,0,2
BRF:4
BRH:4
end_of_record
TN:
SF:services\auth.service.js
FN:4,processUserRegistration
FN:25,processUserLogin
FN:44,getUserByUsername
FNF:3
FNH:3
FNDA:2,processUserRegistration
FNDA:3,processUserLogin
FNDA:2,getUserByUsername
DA:1,1
DA:2,1
DA:3,1
DA:4,1
DA:5,2
DA:6,1
DA:7,2
DA:8,0
DA:9,0
DA:10,0
DA:11,0
DA:12,1
DA:13,1
DA:14,1
DA:15,1
DA:16,1
DA:17,1
DA:18,1
DA:19,1
DA:20,1
DA:21,1
DA:22,1
DA:23,1
DA:24,1
DA:25,1
DA:26,3
DA:27,2
DA:28,3
DA:29,0
DA:30,0
DA:31,0
DA:32,0
DA:33,2
DA:34,1
DA:35,3
DA:36,0
DA:37,0
DA:38,0
DA:39,0
DA:40,1
DA:41,1
DA:42,1
DA:43,1
DA:44,1
DA:45,2
DA:46,2
DA:47,0
DA:48,0
DA:49,1
DA:50,1
DA:51,1
DA:52,1
DA:53,1
DA:54,1
DA:55,1
DA:56,1
LF:56
LH:42
BRDA:4,0,0,2
BRDA:5,1,0,1
BRDA:7,2,0,0
BRDA:11,3,0,1
BRDA:25,4,0,3
BRDA:26,5,0,2
BRDA:28,6,0,0
BRDA:32,7,0,2
BRDA:33,8,0,1
BRDA:35,9,0,0
BRDA:39,10,0,1
BRDA:44,11,0,2
BRDA:45,12,0,1
BRDA:46,13,0,0
BRDA:48,14,0,1
BRF:15
BRH:11
end_of_record
TN:
SF:services\blog.service.js
FN:3,processNewBlog
FN:16,processSpecificUserBlog
FN:25,processAllBlogs
FN:54,processDeleteBlog
FN:64,processBlogbyId
FN:76,processUpdateBlog
FNF:6
FNH:6
FNDA:2,processNewBlog
FNDA:2,processSpecificUserBlog
FNDA:2,processAllBlogs
FNDA:2,processDeleteBlog
FNDA:2,processBlogbyId
FNDA:3,processUpdateBlog
DA:1,1
DA:2,1
DA:3,1
DA:4,2
DA:5,2
DA:6,2
DA:7,2
DA:8,2
DA:9,1
DA:10,2
DA:11,0
DA:12,0
DA:13,1
DA:14,1
DA:15,1
DA:16,1
DA:17,2
DA:18,1
DA:19,2
DA:20,0
DA:21,0
DA:22,1
DA:23,1
DA:24,1
DA:25,1
DA:26,2
DA:27,2
DA:28,2
DA:29,0
DA:30,0
DA:31,2
DA:32,2
DA:33,0
DA:34,2
DA:35,2
DA:36,2
DA:37,2
DA:38,2
DA:39,1
DA:40,1
DA:41,1
DA:42,1
DA:43,1
DA:44,1
DA:45,1
DA:46,1
DA:47,2
DA:48,0
DA:49,0
DA:50,1
DA:51,1
DA:52,1
DA:53,1
DA:54,1
DA:55,2
DA:56,2
DA:57,0
DA:58,0
DA:59,0
DA:60,0
DA:61,1
DA:62,1
DA:63,1
DA:64,1
DA:65,2
DA:66,1
DA:67,2
DA:68,0
DA:69,0
DA:70,0
DA:71,0
DA:72,1
DA:73,1
DA:74,1
DA:75,1
DA:76,1
DA:77,3
DA:78,3
DA:79,3
DA:80,3
DA:81,3
DA:82,2
DA:83,3
DA:84,0
DA:85,0
DA:86,0
DA:87,0
DA:88,2
DA:89,2
DA:90,2
DA:91,2
DA:92,2
DA:93,1
DA:94,3
DA:95,0
DA:96,0
DA:97,0
DA:98,0
DA:99,1
DA:100,1
DA:101,1
DA:102,1
DA:103,1
DA:104,1
DA:105,1
DA:106,1
DA:107,1
DA:108,1
DA:109,1
DA:110,1
LF:110
LH:85
BRDA:3,0,0,2
BRDA:8,1,0,1
BRDA:10,2,0,0
BRDA:12,3,0,1
BRDA:16,4,0,2
BRDA:17,5,0,1
BRDA:19,6,0,0
BRDA:21,7,0,1
BRDA:25,8,0,2
BRDA:28,9,0,0
BRDA:32,10,0,0
BRDA:38,11,0,1
BRDA:47,12,0,0
BRDA:49,13,0,1
BRDA:54,14,0,2
BRDA:55,15,0,1
BRDA:56,16,0,0
BRDA:60,17,0,1
BRDA:64,18,0,2
BRDA:65,19,0,1
BRDA:67,20,0,0
BRDA:71,21,0,1
BRDA:76,22,0,3
BRDA:81,23,0,2
BRDA:83,24,0,0
BRDA:87,25,0,2
BRDA:92,26,0,1
BRDA:94,27,0,0
BRDA:98,28,0,1
BRF:29
BRH:20
end_of_record
TN:
SF:services\user.service.js
FN:5,userByTokenId
FN:13,processUserDeleteById
FN:29,processUserUpdate
FNF:3
FNH:3
FNDA:2,userByTokenId
FNDA:2,processUserDeleteById
FNDA:3,processUserUpdate
DA:1,1
DA:2,1
DA:3,1
DA:4,1
DA:5,1
DA:6,2
DA:7,2
DA:8,1
DA:9,1
DA:10,2
DA:11,2
DA:12,1
DA:13,1
DA:14,2
DA:15,1
DA:16,1
DA:17,1
DA:18,1
DA:19,1
DA:20,1
DA:21,2
DA:22,0
DA:23,0
DA:24,0
DA:25,0
DA:26,1
DA:27,1
DA:28,1
DA:29,1
DA:30,3
DA:31,0
DA:32,0
DA:33,0
DA:34,0
DA:35,3
DA:36,3
DA:37,3
DA:38,3
DA:39,3
DA:40,3
DA:41,3
DA:42,3
DA:43,3
DA:44,1
DA:45,1
DA:46,1
DA:47,1
DA:48,2
DA:49,2
DA:50,2
DA:51,2
DA:52,2
DA:53,2
DA:54,2
DA:55,3
DA:56,1
DA:57,1
DA:58,1
DA:59,1
DA:60,1
DA:61,1
DA:62,1
DA:63,1
DA:64,1
DA:65,1
DA:66,1
DA:67,1
DA:68,1
LF:68
LH:60
BRDA:5,0,0,2
BRDA:7,1,0,1
BRDA:13,2,0,2
BRDA:14,3,0,1
BRDA:21,4,0,0
BRDA:25,5,0,1
BRDA:29,6,0,3
BRDA:30,7,0,0
BRDA:43,8,0,1
BRDA:47,9,0,2
BRDA:55,10,0,1
BRF:11
BRH:9
end_of_record
TN:
SF:utils\JWT.js
FN:6,createToken
FN:12,decodeToken
FNF:2
FNH:0
FNDA:0,createToken
FNDA:0,decodeToken
DA:1,1
DA:2,1
DA:3,1
DA:4,1
DA:5,1
DA:6,1
DA:7,0
DA:8,0
DA:9,0
DA:10,0
DA:11,1
DA:12,1
DA:13,0
DA:14,0
DA:15,1
DA:16,1
LF:16
LH:10
BRF:0
BRH:0
end_of_record
TN:
SF:utils\errors.js
FN:1,UnauthorizedError
FNF:1
FNH:0
FNDA:0,UnauthorizedError
DA:1,1
DA:2,0
DA:3,0
DA:4,0
DA:5,0
DA:6,1
DA:7,1
LF:7
LH:3
BRF:0
BRH:0
end_of_record
TN:
SF:utils\responseType.js
FN:1,getContentBasedOnNegotiation
FNF:1
FNH:0
FNDA:0,getContentBasedOnNegotiation
DA:1,1
DA:2,0
DA:3,0
DA:4,0
DA:5,0
DA:6,0
DA:7,0
DA:8,0
DA:9,0
DA:10,0
DA:11,0
DA:12,0
DA:13,0
DA:14,0
DA:15,0
DA:16,0
DA:17,0
DA:18,0
DA:19,0
DA:20,0
DA:21,0
DA:22,0
DA:23,0
DA:24,0
DA:25,0
DA:26,0
DA:27,0
DA:28,0
DA:29,0
DA:30,0
DA:31,0
DA:32,0
DA:33,0
DA:34,0
DA:35,0
DA:36,0
DA:37,0
DA:38,0
DA:39,0
DA:40,0
DA:41,0
DA:42,0
DA:43,0
DA:44,0
DA:45,0
DA:46,0
DA:47,0
DA:48,0
DA:49,0
DA:50,0
DA:51,0
DA:52,0
DA:53,0
DA:54,0
DA:55,0
DA:56,1
DA:57,1
DA:58,1
DA:59,1
DA:60,1
DA:61,1
DA:62,1
DA:63,1
DA:64,1
DA:65,1
DA:66,1
DA:67,1
DA:68,1
DA:69,1
DA:70,1
DA:71,1
DA:72,1
DA:73,1
DA:74,1
DA:75,1
LF:75
LH:21
BRF:0
BRH:0
end_of_record
