TN:
SF:configures\database.js
FNF:0
FNH:0
DA:1,1
DA:2,1
DA:3,1
DA:4,1
DA:5,1
DA:6,1
DA:7,1
DA:8,1
DA:9,1
DA:10,1
DA:11,1
DA:12,1
DA:13,1
DA:14,1
DA:15,1
DA:16,1
DA:17,1
DA:18,1
DA:19,1
DA:20,1
DA:21,1
DA:22,1
DA:23,1
LF:23
LH:23
BRF:0
BRH:0
end_of_record
TN:
SF:controllers\user.controller.js
FN:5,handleProfileGetRequest
FN:25,handleProfileDeletionRequest
FN:36,handlePasswordUpdateRequest
FNF:3
FNH:1
FNDA:2,handleProfileGetRequest
FNDA:0,handleProfileDeletionRequest
FNDA:0,handlePasswordUpdateRequest
DA:1,1
DA:2,1
DA:3,1
DA:4,1
DA:5,1
DA:6,2
DA:7,2
DA:8,2
DA:9,2
DA:10,2
DA:11,2
DA:12,2
DA:13,1
DA:14,1
DA:15,1
DA:16,1
DA:17,1
DA:18,1
DA:19,1
DA:20,2
DA:21,0
DA:22,0
DA:23,2
DA:24,1
DA:25,1
DA:26,0
DA:27,0
DA:28,0
DA:29,0
DA:30,0
DA:31,0
DA:32,0
DA:33,0
DA:34,0
DA:35,1
DA:36,1
DA:37,0
DA:38,0
DA:39,0
DA:40,0
DA:41,0
DA:42,0
DA:43,0
DA:44,0
DA:45,0
DA:46,0
DA:47,0
DA:48,0
DA:49,0
DA:50,0
DA:51,0
DA:52,0
DA:53,0
DA:54,0
DA:55,0
DA:56,0
DA:57,0
DA:58,0
DA:59,1
DA:60,1
DA:61,1
DA:62,1
DA:63,1
DA:64,1
LF:64
LH:31
BRDA:5,0,0,2
BRDA:12,1,0,1
BRDA:20,2,0,0
BRF:3
BRH:2
end_of_record
TN:
SF:dto\user.dto.js
FN:2,UserRegRequestDto
FN:9,<instance_members_initializer>
FN:20,UserUpdateRequestDto
FNF:3
FNH:0
FNDA:0,UserRegRequestDto
FNDA:0,<instance_members_initializer>
FNDA:0,UserUpdateRequestDto
DA:1,1
DA:2,1
DA:3,0
DA:4,0
DA:5,0
DA:6,0
DA:7,1
DA:8,1
DA:9,0
DA:10,0
DA:11,0
DA:12,0
DA:13,0
DA:14,0
DA:15,0
DA:16,0
DA:17,0
DA:18,1
DA:19,1
DA:20,1
DA:21,0
DA:22,0
DA:23,1
DA:24,1
DA:25,1
DA:26,1
DA:27,1
DA:28,1
DA:29,1
LF:29
LH:14
BRDA:9,0,0,0
BRF:1
BRH:0
end_of_record
TN:
SF:models\blog.model.js
FNF:0
FNH:0
DA:1,1
DA:2,1
DA:3,1
DA:4,1
DA:5,1
DA:6,1
DA:7,1
DA:8,1
DA:9,1
DA:10,1
DA:11,1
DA:12,1
DA:13,1
DA:14,1
DA:15,1
DA:16,1
DA:17,1
DA:18,1
DA:19,1
DA:20,1
DA:21,1
DA:22,1
DA:23,1
DA:24,1
DA:25,1
LF:25
LH:25
BRF:0
BRH:0
end_of_record
TN:
SF:models\user.model.js
FNF:0
FNH:0
DA:1,1
DA:2,1
DA:3,1
DA:4,1
DA:5,1
DA:6,1
DA:7,1
DA:8,1
DA:9,1
DA:10,1
DA:11,1
DA:12,1
DA:13,1
DA:14,1
DA:15,1
DA:16,1
DA:17,1
DA:18,1
DA:19,1
DA:20,1
DA:21,1
DA:22,1
DA:23,1
DA:24,1
DA:25,1
DA:26,1
DA:27,1
LF:27
LH:27
BRF:0
BRH:0
end_of_record
TN:
SF:repositories\user.repository.js
FN:3,getUserById
FN:9,deleteUserById
FN:15,updatePasswordByUser
FN:22,getUserByUsername
FNF:4
FNH:0
FNDA:0,getUserById
FNDA:0,deleteUserById
FNDA:0,updatePasswordByUser
FNDA:0,getUserByUsername
DA:1,1
DA:2,1
DA:3,1
DA:4,0
DA:5,0
DA:6,0
DA:7,0
DA:8,1
DA:9,1
DA:10,0
DA:11,0
DA:12,0
DA:13,0
DA:14,1
DA:15,1
DA:16,0
DA:17,0
DA:18,0
DA:19,0
DA:20,0
DA:21,1
DA:22,1
DA:23,0
DA:24,0
DA:25,1
DA:26,1
DA:27,1
DA:28,1
DA:29,1
DA:30,1
DA:31,1
LF:31
LH:16
BRF:0
BRH:0
end_of_record
TN:
SF:services\user.service.js
FN:5,userByTokenId
FN:14,processUserDeleteById
FN:25,processUserUpdate
FNF:3
FNH:0
FNDA:0,userByTokenId
FNDA:0,processUserDeleteById
FNDA:0,processUserUpdate
DA:1,1
DA:2,1
DA:3,1
DA:4,1
DA:5,1
DA:6,0
DA:7,0
DA:8,0
DA:9,0
DA:10,0
DA:11,0
DA:12,0
DA:13,1
DA:14,1
DA:15,0
DA:16,0
DA:17,0
DA:18,0
DA:19,0
DA:20,0
DA:21,0
DA:22,0
DA:23,0
DA:24,1
DA:25,1
DA:26,0
DA:27,0
DA:28,0
DA:29,0
DA:30,0
DA:31,0
DA:32,0
DA:33,0
DA:34,0
DA:35,0
DA:36,0
DA:37,0
DA:38,0
DA:39,0
DA:40,0
DA:41,0
DA:42,0
DA:43,0
DA:44,0
DA:45,0
DA:46,0
DA:47,0
DA:48,0
DA:49,0
DA:50,0
DA:51,0
DA:52,0
DA:53,1
DA:54,1
DA:55,1
DA:56,1
DA:57,1
DA:58,1
LF:58
LH:15
BRF:0
BRH:0
end_of_record
TN:
SF:utils\errors.js
FN:1,UnauthorizedError
FNF:1
FNH:0
FNDA:0,UnauthorizedError
DA:1,1
DA:2,0
DA:3,0
DA:4,0
DA:5,0
DA:6,1
DA:7,1
LF:7
LH:3
BRF:0
BRH:0
end_of_record
TN:
SF:utils\responseType.js
FN:1,getContentBasedOnNegotiation
FNF:1
FNH:0
FNDA:0,getContentBasedOnNegotiation
DA:1,1
DA:2,0
DA:3,0
DA:4,0
DA:5,0
DA:6,0
DA:7,0
DA:8,0
DA:9,0
DA:10,0
DA:11,0
DA:12,0
DA:13,0
DA:14,0
DA:15,0
DA:16,0
DA:17,0
DA:18,0
DA:19,0
DA:20,0
DA:21,0
DA:22,0
DA:23,0
DA:24,0
DA:25,0
DA:26,0
DA:27,0
DA:28,0
DA:29,0
DA:30,0
DA:31,0
DA:32,0
DA:33,0
DA:34,0
DA:35,0
DA:36,0
DA:37,0
DA:38,0
DA:39,0
DA:40,0
DA:41,0
DA:42,0
DA:43,0
DA:44,0
DA:45,0
DA:46,0
DA:47,0
DA:48,0
DA:49,0
DA:50,0
DA:51,0
DA:52,0
DA:53,0
DA:54,0
DA:55,0
DA:56,1
DA:57,1
DA:58,1
DA:59,1
LF:59
LH:5
BRF:0
BRH:0
end_of_record
